/Users/laurettacheng/Documents/MFA/thirdparty/bin/extract-segments scp,p:../02-stimuli/P0-norming/n2/03-recordings/S16/3_selections/1_P1/4_aligned/mfa_aligner/original_corpus/corpus_data/split1/wav.0.scp ../02-stimuli/P0-norming/n2/03-recordings/S16/3_selections/1_P1/4_aligned/mfa_aligner/original_corpus/corpus_data/split1/segments.0 ark:- 
/Users/laurettacheng/Documents/MFA/thirdparty/bin/compute-mfcc-feats --verbose=2 --use-energy=False --sample-frequency=44100 --low-freq=20 --high-freq=7800 ark:- ark:- 
/Users/laurettacheng/Documents/MFA/thirdparty/bin/copy-feats --compress=true --write-num-frames=ark,t:../02-stimuli/P0-norming/n2/03-recordings/S16/3_selections/1_P1/4_aligned/mfa_aligner/original_corpus/corpus_data/split1/utt2num_frames.0 ark:- ark,scp:../02-stimuli/P0-norming/n2/03-recordings/S16/3_selections/1_P1/4_aligned/mfa_aligner/original_corpus/corpus_data/split1/raw_mfcc.0.ark,../02-stimuli/P0-norming/n2/03-recordings/S16/3_selections/1_P1/4_aligned/mfa_aligner/original_corpus/corpus_data/split1/feats.0.scp 
VLOG[2] (compute-mfcc-feats[5.5.880~1-3e446]:main():compute-mfcc-feats.cc:182) Processed features for key labels_S16_selected_tokens_0_0_0_7119
VLOG[2] (compute-mfcc-feats[5.5.880~1-3e446]:main():compute-mfcc-feats.cc:182) Processed features for key labels_S16_selected_tokens_0_7119_1_4724
VLOG[2] (compute-mfcc-feats[5.5.880~1-3e446]:main():compute-mfcc-feats.cc:182) Processed features for key labels_S16_selected_tokens_100_9177_101_8324
VLOG[2] (compute-mfcc-feats[5.5.880~1-3e446]:main():compute-mfcc-feats.cc:182) Processed features for key labels_S16_selected_tokens_101_8324_102_5046
VLOG[2] (compute-mfcc-feats[5.5.880~1-3e446]:main():compute-mfcc-feats.cc:182) Processed features for key labels_S16_selected_tokens_102_5046_103_2158
VLOG[2] (compute-mfcc-feats[5.5.880~1-3e446]:main():compute-mfcc-feats.cc:182) Processed features for key labels_S16_selected_tokens_103_2158_103_9103
VLOG[2] (compute-mfcc-feats[5.5.880~1-3e446]:main():compute-mfcc-feats.cc:182) Processed features for key labels_S16_selected_tokens_103_9103_104_5821
VLOG[2] (compute-mfcc-feats[5.5.880~1-3e446]:main():compute-mfcc-feats.cc:182) Processed features for key labels_S16_selected_tokens_104_5821_105_3099
VLOG[2] (compute-mfcc-feats[5.5.880~1-3e446]:main():compute-mfcc-feats.cc:182) Processed features for key labels_S16_selected_tokens_105_3099_105_974
LOG (compute-mfcc-feats[5.5.880~1-3e446]:main():compute-mfcc-feats.cc:181) Processed 10 utterances
VLOG[2] (compute-mfcc-feats[5.5.880~1-3e446]:main():compute-mfcc-feats.cc:182) Processed features for key labels_S16_selected_tokens_105_974_106_9673
VLOG[2] (compute-mfcc-feats[5.5.880~1-3e446]:main():compute-mfcc-feats.cc:182) Processed features for key labels_S16_selected_tokens_106_9673_107_991
VLOG[2] (compute-mfcc-feats[5.5.880~1-3e446]:main():compute-mfcc-feats.cc:182) Processed features for key labels_S16_selected_tokens_107_991_108_8747
VLOG[2] (compute-mfcc-feats[5.5.880~1-3e446]:main():compute-mfcc-feats.cc:182) Processed features for key labels_S16_selected_tokens_108_8747_109_7306
VLOG[2] (compute-mfcc-feats[5.5.880~1-3e446]:main():compute-mfcc-feats.cc:182) Processed features for key labels_S16_selected_tokens_109_7306_110_5205
VLOG[2] (compute-mfcc-feats[5.5.880~1-3e446]:main():compute-mfcc-feats.cc:182) Processed features for key labels_S16_selected_tokens_10_7055_11_4984
VLOG[2] (compute-mfcc-feats[5.5.880~1-3e446]:main():compute-mfcc-feats.cc:182) Processed features for key labels_S16_selected_tokens_110_5205_111_2844
VLOG[2] (compute-mfcc-feats[5.5.880~1-3e446]:main():compute-mfcc-feats.cc:182) Processed features for key labels_S16_selected_tokens_111_2844_111_9797
VLOG[2] (compute-mfcc-feats[5.5.880~1-3e446]:main():compute-mfcc-feats.cc:182) Processed features for key labels_S16_selected_tokens_111_9797_112_6438
VLOG[2] (compute-mfcc-feats[5.5.880~1-3e446]:main():compute-mfcc-feats.cc:182) Processed features for key labels_S16_selected_tokens_112_6438_113_6527
LOG (compute-mfcc-feats[5.5.880~1-3e446]:main():compute-mfcc-feats.cc:181) Processed 20 utterances
VLOG[2] (compute-mfcc-feats[5.5.880~1-3e446]:main():compute-mfcc-feats.cc:182) Processed features for key labels_S16_selected_tokens_113_6527_114_6072
VLOG[2] (compute-mfcc-feats[5.5.880~1-3e446]:main():compute-mfcc-feats.cc:182) Processed features for key labels_S16_selected_tokens_114_6072_115_616
VLOG[2] (compute-mfcc-feats[5.5.880~1-3e446]:main():compute-mfcc-feats.cc:182) Processed features for key labels_S16_selected_tokens_115_616_116_6334
VLOG[2] (compute-mfcc-feats[5.5.880~1-3e446]:main():compute-mfcc-feats.cc:182) Processed features for key labels_S16_selected_tokens_116_6334_117_3691
VLOG[2] (compute-mfcc-feats[5.5.880~1-3e446]:main():compute-mfcc-feats.cc:182) Processed features for key labels_S16_selected_tokens_117_3691_118_1614
VLOG[2] (compute-mfcc-feats[5.5.880~1-3e446]:main():compute-mfcc-feats.cc:182) Processed features for key labels_S16_selected_tokens_118_1614_118_9536
VLOG[2] (compute-mfcc-feats[5.5.880~1-3e446]:main():compute-mfcc-feats.cc:182) Processed features for key labels_S16_selected_tokens_118_9536_119_7783
VLOG[2] (compute-mfcc-feats[5.5.880~1-3e446]:main():compute-mfcc-feats.cc:182) Processed features for key labels_S16_selected_tokens_119_7783_120_4918
VLOG[2] (compute-mfcc-feats[5.5.880~1-3e446]:main():compute-mfcc-feats.cc:182) Processed features for key labels_S16_selected_tokens_11_4984_12_3351
VLOG[2] (compute-mfcc-feats[5.5.880~1-3e446]:main():compute-mfcc-feats.cc:182) Processed features for key labels_S16_selected_tokens_120_4918_121_1959
LOG (compute-mfcc-feats[5.5.880~1-3e446]:main():compute-mfcc-feats.cc:181) Processed 30 utterances
VLOG[2] (compute-mfcc-feats[5.5.880~1-3e446]:main():compute-mfcc-feats.cc:182) Processed features for key labels_S16_selected_tokens_121_1959_121_9641
VLOG[2] (compute-mfcc-feats[5.5.880~1-3e446]:main():compute-mfcc-feats.cc:182) Processed features for key labels_S16_selected_tokens_121_9641_122_7291
VLOG[2] (compute-mfcc-feats[5.5.880~1-3e446]:main():compute-mfcc-feats.cc:182) Processed features for key labels_S16_selected_tokens_122_7291_123_4506
VLOG[2] (compute-mfcc-feats[5.5.880~1-3e446]:main():compute-mfcc-feats.cc:182) Processed features for key labels_S16_selected_tokens_123_4506_124_1309
VLOG[2] (compute-mfcc-feats[5.5.880~1-3e446]:main():compute-mfcc-feats.cc:182) Processed features for key labels_S16_selected_tokens_124_1309_125_0027
VLOG[2] (compute-mfcc-feats[5.5.880~1-3e446]:main():compute-mfcc-feats.cc:182) Processed features for key labels_S16_selected_tokens_125_0027_125_8837
VLOG[2] (compute-mfcc-feats[5.5.880~1-3e446]:main():compute-mfcc-feats.cc:182) Processed features for key labels_S16_selected_tokens_125_8837_126_6597
VLOG[2] (compute-mfcc-feats[5.5.880~1-3e446]:main():compute-mfcc-feats.cc:182) Processed features for key labels_S16_selected_tokens_126_6597_127_4391
VLOG[2] (compute-mfcc-feats[5.5.880~1-3e446]:main():compute-mfcc-feats.cc:182) Processed features for key labels_S16_selected_tokens_127_4391_128_3466
VLOG[2] (compute-mfcc-feats[5.5.880~1-3e446]:main():compute-mfcc-feats.cc:182) Processed features for key labels_S16_selected_tokens_128_3466_129_2276
LOG (compute-mfcc-feats[5.5.880~1-3e446]:main():compute-mfcc-feats.cc:181) Processed 40 utterances
VLOG[2] (compute-mfcc-feats[5.5.880~1-3e446]:main():compute-mfcc-feats.cc:182) Processed features for key labels_S16_selected_tokens_129_2276_130_244
VLOG[2] (compute-mfcc-feats[5.5.880~1-3e446]:main():compute-mfcc-feats.cc:182) Processed features for key labels_S16_selected_tokens_12_3351_13_1968
VLOG[2] (compute-mfcc-feats[5.5.880~1-3e446]:main():compute-mfcc-feats.cc:182) Processed features for key labels_S16_selected_tokens_130_244_131_2039
VLOG[2] (compute-mfcc-feats[5.5.880~1-3e446]:main():compute-mfcc-feats.cc:182) Processed features for key labels_S16_selected_tokens_131_2039_132_224
VLOG[2] (compute-mfcc-feats[5.5.880~1-3e446]:main():compute-mfcc-feats.cc:182) Processed features for key labels_S16_selected_tokens_132_224_133_1854
VLOG[2] (compute-mfcc-feats[5.5.880~1-3e446]:main():compute-mfcc-feats.cc:182) Processed features for key labels_S16_selected_tokens_133_1854_134_222
VLOG[2] (compute-mfcc-feats[5.5.880~1-3e446]:main():compute-mfcc-feats.cc:182) Processed features for key labels_S16_selected_tokens_134_222_135_20909297052154
VLOG[2] (compute-mfcc-feats[5.5.880~1-3e446]:main():compute-mfcc-feats.cc:182) Processed features for key labels_S16_selected_tokens_13_1968_14_0812
VLOG[2] (compute-mfcc-feats[5.5.880~1-3e446]:main():compute-mfcc-feats.cc:182) Processed features for key labels_S16_selected_tokens_14_0812_15_0134
VLOG[2] (compute-mfcc-feats[5.5.880~1-3e446]:main():compute-mfcc-feats.cc:182) Processed features for key labels_S16_selected_tokens_15_0134_15_9414
LOG (compute-mfcc-feats[5.5.880~1-3e446]:main():compute-mfcc-feats.cc:181) Processed 50 utterances
VLOG[2] (compute-mfcc-feats[5.5.880~1-3e446]:main():compute-mfcc-feats.cc:182) Processed features for key labels_S16_selected_tokens_15_9414_16_8423
VLOG[2] (compute-mfcc-feats[5.5.880~1-3e446]:main():compute-mfcc-feats.cc:182) Processed features for key labels_S16_selected_tokens_16_8423_17_6777
VLOG[2] (compute-mfcc-feats[5.5.880~1-3e446]:main():compute-mfcc-feats.cc:182) Processed features for key labels_S16_selected_tokens_17_6777_18_6707
VLOG[2] (compute-mfcc-feats[5.5.880~1-3e446]:main():compute-mfcc-feats.cc:182) Processed features for key labels_S16_selected_tokens_18_6707_19_7666
VLOG[2] (compute-mfcc-feats[5.5.880~1-3e446]:main():compute-mfcc-feats.cc:182) Processed features for key labels_S16_selected_tokens_19_7666_20_5849
VLOG[2] (compute-mfcc-feats[5.5.880~1-3e446]:main():compute-mfcc-feats.cc:182) Processed features for key labels_S16_selected_tokens_1_4724_2_4371
VLOG[2] (compute-mfcc-feats[5.5.880~1-3e446]:main():compute-mfcc-feats.cc:182) Processed features for key labels_S16_selected_tokens_20_5849_21_4098
VLOG[2] (compute-mfcc-feats[5.5.880~1-3e446]:main():compute-mfcc-feats.cc:182) Processed features for key labels_S16_selected_tokens_21_4098_22_3493
VLOG[2] (compute-mfcc-feats[5.5.880~1-3e446]:main():compute-mfcc-feats.cc:182) Processed features for key labels_S16_selected_tokens_22_3493_23_1332
VLOG[2] (compute-mfcc-feats[5.5.880~1-3e446]:main():compute-mfcc-feats.cc:182) Processed features for key labels_S16_selected_tokens_23_1332_24_0774
LOG (compute-mfcc-feats[5.5.880~1-3e446]:main():compute-mfcc-feats.cc:181) Processed 60 utterances
VLOG[2] (compute-mfcc-feats[5.5.880~1-3e446]:main():compute-mfcc-feats.cc:182) Processed features for key labels_S16_selected_tokens_24_0774_24_9879
VLOG[2] (compute-mfcc-feats[5.5.880~1-3e446]:main():compute-mfcc-feats.cc:182) Processed features for key labels_S16_selected_tokens_24_9879_25_7393
VLOG[2] (compute-mfcc-feats[5.5.880~1-3e446]:main():compute-mfcc-feats.cc:182) Processed features for key labels_S16_selected_tokens_25_7393_26_4681
VLOG[2] (compute-mfcc-feats[5.5.880~1-3e446]:main():compute-mfcc-feats.cc:182) Processed features for key labels_S16_selected_tokens_26_4681_27_3683
VLOG[2] (compute-mfcc-feats[5.5.880~1-3e446]:main():compute-mfcc-feats.cc:182) Processed features for key labels_S16_selected_tokens_27_3683_28_2093
VLOG[2] (compute-mfcc-feats[5.5.880~1-3e446]:main():compute-mfcc-feats.cc:182) Processed features for key labels_S16_selected_tokens_28_2093_29_0487
VLOG[2] (compute-mfcc-feats[5.5.880~1-3e446]:main():compute-mfcc-feats.cc:182) Processed features for key labels_S16_selected_tokens_29_0487_29_8392
VLOG[2] (compute-mfcc-feats[5.5.880~1-3e446]:main():compute-mfcc-feats.cc:182) Processed features for key labels_S16_selected_tokens_29_8392_30_955
VLOG[2] (compute-mfcc-feats[5.5.880~1-3e446]:main():compute-mfcc-feats.cc:182) Processed features for key labels_S16_selected_tokens_2_4371_3_43
VLOG[2] (compute-mfcc-feats[5.5.880~1-3e446]:main():compute-mfcc-feats.cc:182) Processed features for key labels_S16_selected_tokens_30_955_32_194
LOG (compute-mfcc-feats[5.5.880~1-3e446]:main():compute-mfcc-feats.cc:181) Processed 70 utterances
VLOG[2] (compute-mfcc-feats[5.5.880~1-3e446]:main():compute-mfcc-feats.cc:182) Processed features for key labels_S16_selected_tokens_32_194_33_197
VLOG[2] (compute-mfcc-feats[5.5.880~1-3e446]:main():compute-mfcc-feats.cc:182) Processed features for key labels_S16_selected_tokens_33_197_34_1341
VLOG[2] (compute-mfcc-feats[5.5.880~1-3e446]:main():compute-mfcc-feats.cc:182) Processed features for key labels_S16_selected_tokens_34_1341_35_1333
VLOG[2] (compute-mfcc-feats[5.5.880~1-3e446]:main():compute-mfcc-feats.cc:182) Processed features for key labels_S16_selected_tokens_35_1333_36_1102
VLOG[2] (compute-mfcc-feats[5.5.880~1-3e446]:main():compute-mfcc-feats.cc:182) Processed features for key labels_S16_selected_tokens_36_1102_36_9485
VLOG[2] (compute-mfcc-feats[5.5.880~1-3e446]:main():compute-mfcc-feats.cc:182) Processed features for key labels_S16_selected_tokens_36_9485_37_791
VLOG[2] (compute-mfcc-feats[5.5.880~1-3e446]:main():compute-mfcc-feats.cc:182) Processed features for key labels_S16_selected_tokens_37_791_38_5349
VLOG[2] (compute-mfcc-feats[5.5.880~1-3e446]:main():compute-mfcc-feats.cc:182) Processed features for key labels_S16_selected_tokens_38_5349_39_1742
VLOG[2] (compute-mfcc-feats[5.5.880~1-3e446]:main():compute-mfcc-feats.cc:182) Processed features for key labels_S16_selected_tokens_39_1742_39_9218
VLOG[2] (compute-mfcc-feats[5.5.880~1-3e446]:main():compute-mfcc-feats.cc:182) Processed features for key labels_S16_selected_tokens_39_9218_40_6796
LOG (compute-mfcc-feats[5.5.880~1-3e446]:main():compute-mfcc-feats.cc:181) Processed 80 utterances
VLOG[2] (compute-mfcc-feats[5.5.880~1-3e446]:main():compute-mfcc-feats.cc:182) Processed features for key labels_S16_selected_tokens_3_43_4_3434
VLOG[2] (compute-mfcc-feats[5.5.880~1-3e446]:main():compute-mfcc-feats.cc:182) Processed features for key labels_S16_selected_tokens_40_6796_41_4704
VLOG[2] (compute-mfcc-feats[5.5.880~1-3e446]:main():compute-mfcc-feats.cc:182) Processed features for key labels_S16_selected_tokens_41_4704_42_2794
VLOG[2] (compute-mfcc-feats[5.5.880~1-3e446]:main():compute-mfcc-feats.cc:182) Processed features for key labels_S16_selected_tokens_42_2794_43_1017
VLOG[2] (compute-mfcc-feats[5.5.880~1-3e446]:main():compute-mfcc-feats.cc:182) Processed features for key labels_S16_selected_tokens_43_1017_43_9895
VLOG[2] (compute-mfcc-feats[5.5.880~1-3e446]:main():compute-mfcc-feats.cc:182) Processed features for key labels_S16_selected_tokens_43_9895_44_6908
VLOG[2] (compute-mfcc-feats[5.5.880~1-3e446]:main():compute-mfcc-feats.cc:182) Processed features for key labels_S16_selected_tokens_44_6908_45_3851
VLOG[2] (compute-mfcc-feats[5.5.880~1-3e446]:main():compute-mfcc-feats.cc:182) Processed features for key labels_S16_selected_tokens_45_3851_46_2088
VLOG[2] (compute-mfcc-feats[5.5.880~1-3e446]:main():compute-mfcc-feats.cc:182) Processed features for key labels_S16_selected_tokens_46_2088_46_9481
VLOG[2] (compute-mfcc-feats[5.5.880~1-3e446]:main():compute-mfcc-feats.cc:182) Processed features for key labels_S16_selected_tokens_46_9481_47_6237
LOG (compute-mfcc-feats[5.5.880~1-3e446]:main():compute-mfcc-feats.cc:181) Processed 90 utterances
VLOG[2] (compute-mfcc-feats[5.5.880~1-3e446]:main():compute-mfcc-feats.cc:182) Processed features for key labels_S16_selected_tokens_47_6237_48_2673
VLOG[2] (compute-mfcc-feats[5.5.880~1-3e446]:main():compute-mfcc-feats.cc:182) Processed features for key labels_S16_selected_tokens_48_2673_49_0533
VLOG[2] (compute-mfcc-feats[5.5.880~1-3e446]:main():compute-mfcc-feats.cc:182) Processed features for key labels_S16_selected_tokens_49_0533_49_77
VLOG[2] (compute-mfcc-feats[5.5.880~1-3e446]:main():compute-mfcc-feats.cc:182) Processed features for key labels_S16_selected_tokens_49_77_50_4754
VLOG[2] (compute-mfcc-feats[5.5.880~1-3e446]:main():compute-mfcc-feats.cc:182) Processed features for key labels_S16_selected_tokens_4_3434_5_231
VLOG[2] (compute-mfcc-feats[5.5.880~1-3e446]:main():compute-mfcc-feats.cc:182) Processed features for key labels_S16_selected_tokens_50_4754_51_1011
VLOG[2] (compute-mfcc-feats[5.5.880~1-3e446]:main():compute-mfcc-feats.cc:182) Processed features for key labels_S16_selected_tokens_51_1011_51_8532
VLOG[2] (compute-mfcc-feats[5.5.880~1-3e446]:main():compute-mfcc-feats.cc:182) Processed features for key labels_S16_selected_tokens_51_8532_52_6367
VLOG[2] (compute-mfcc-feats[5.5.880~1-3e446]:main():compute-mfcc-feats.cc:182) Processed features for key labels_S16_selected_tokens_52_6367_53_3751
VLOG[2] (compute-mfcc-feats[5.5.880~1-3e446]:main():compute-mfcc-feats.cc:182) Processed features for key labels_S16_selected_tokens_53_3751_54_0544
LOG (compute-mfcc-feats[5.5.880~1-3e446]:main():compute-mfcc-feats.cc:181) Processed 100 utterances
VLOG[2] (compute-mfcc-feats[5.5.880~1-3e446]:main():compute-mfcc-feats.cc:182) Processed features for key labels_S16_selected_tokens_54_0544_54_9004
VLOG[2] (compute-mfcc-feats[5.5.880~1-3e446]:main():compute-mfcc-feats.cc:182) Processed features for key labels_S16_selected_tokens_54_9004_55_7847
VLOG[2] (compute-mfcc-feats[5.5.880~1-3e446]:main():compute-mfcc-feats.cc:182) Processed features for key labels_S16_selected_tokens_55_7847_56_5121
VLOG[2] (compute-mfcc-feats[5.5.880~1-3e446]:main():compute-mfcc-feats.cc:182) Processed features for key labels_S16_selected_tokens_56_5121_57_2885
VLOG[2] (compute-mfcc-feats[5.5.880~1-3e446]:main():compute-mfcc-feats.cc:182) Processed features for key labels_S16_selected_tokens_57_2885_58_2086
VLOG[2] (compute-mfcc-feats[5.5.880~1-3e446]:main():compute-mfcc-feats.cc:182) Processed features for key labels_S16_selected_tokens_58_2086_59_125
VLOG[2] (compute-mfcc-feats[5.5.880~1-3e446]:main():compute-mfcc-feats.cc:182) Processed features for key labels_S16_selected_tokens_59_125_59_8288
VLOG[2] (compute-mfcc-feats[5.5.880~1-3e446]:main():compute-mfcc-feats.cc:182) Processed features for key labels_S16_selected_tokens_59_8288_60_5335
VLOG[2] (compute-mfcc-feats[5.5.880~1-3e446]:main():compute-mfcc-feats.cc:182) Processed features for key labels_S16_selected_tokens_5_231_5_8938
VLOG[2] (compute-mfcc-feats[5.5.880~1-3e446]:main():compute-mfcc-feats.cc:182) Processed features for key labels_S16_selected_tokens_5_8938_6_5804
LOG (compute-mfcc-feats[5.5.880~1-3e446]:main():compute-mfcc-feats.cc:181) Processed 110 utterances
VLOG[2] (compute-mfcc-feats[5.5.880~1-3e446]:main():compute-mfcc-feats.cc:182) Processed features for key labels_S16_selected_tokens_60_5335_61_3973
VLOG[2] (compute-mfcc-feats[5.5.880~1-3e446]:main():compute-mfcc-feats.cc:182) Processed features for key labels_S16_selected_tokens_61_3973_62_3255
VLOG[2] (compute-mfcc-feats[5.5.880~1-3e446]:main():compute-mfcc-feats.cc:182) Processed features for key labels_S16_selected_tokens_62_3255_63_077
VLOG[2] (compute-mfcc-feats[5.5.880~1-3e446]:main():compute-mfcc-feats.cc:182) Processed features for key labels_S16_selected_tokens_63_077_63_7891
VLOG[2] (compute-mfcc-feats[5.5.880~1-3e446]:main():compute-mfcc-feats.cc:182) Processed features for key labels_S16_selected_tokens_63_7891_64_5488
VLOG[2] (compute-mfcc-feats[5.5.880~1-3e446]:main():compute-mfcc-feats.cc:182) Processed features for key labels_S16_selected_tokens_64_5488_65_3407
VLOG[2] (compute-mfcc-feats[5.5.880~1-3e446]:main():compute-mfcc-feats.cc:182) Processed features for key labels_S16_selected_tokens_65_3407_66_3163
VLOG[2] (compute-mfcc-feats[5.5.880~1-3e446]:main():compute-mfcc-feats.cc:182) Processed features for key labels_S16_selected_tokens_66_3163_67_3758
VLOG[2] (compute-mfcc-feats[5.5.880~1-3e446]:main():compute-mfcc-feats.cc:182) Processed features for key labels_S16_selected_tokens_67_3758_68_0636
VLOG[2] (compute-mfcc-feats[5.5.880~1-3e446]:main():compute-mfcc-feats.cc:182) Processed features for key labels_S16_selected_tokens_68_0636_68_7275
LOG (compute-mfcc-feats[5.5.880~1-3e446]:main():compute-mfcc-feats.cc:181) Processed 120 utterances
VLOG[2] (compute-mfcc-feats[5.5.880~1-3e446]:main():compute-mfcc-feats.cc:182) Processed features for key labels_S16_selected_tokens_68_7275_69_3906
VLOG[2] (compute-mfcc-feats[5.5.880~1-3e446]:main():compute-mfcc-feats.cc:182) Processed features for key labels_S16_selected_tokens_69_3906_70_0066
VLOG[2] (compute-mfcc-feats[5.5.880~1-3e446]:main():compute-mfcc-feats.cc:182) Processed features for key labels_S16_selected_tokens_6_5804_7_7019
VLOG[2] (compute-mfcc-feats[5.5.880~1-3e446]:main():compute-mfcc-feats.cc:182) Processed features for key labels_S16_selected_tokens_70_0066_70_654
VLOG[2] (compute-mfcc-feats[5.5.880~1-3e446]:main():compute-mfcc-feats.cc:182) Processed features for key labels_S16_selected_tokens_70_654_71_2847
VLOG[2] (compute-mfcc-feats[5.5.880~1-3e446]:main():compute-mfcc-feats.cc:182) Processed features for key labels_S16_selected_tokens_71_2847_72_1687
VLOG[2] (compute-mfcc-feats[5.5.880~1-3e446]:main():compute-mfcc-feats.cc:182) Processed features for key labels_S16_selected_tokens_72_1687_72_9819
VLOG[2] (compute-mfcc-feats[5.5.880~1-3e446]:main():compute-mfcc-feats.cc:182) Processed features for key labels_S16_selected_tokens_72_9819_73_7291
VLOG[2] (compute-mfcc-feats[5.5.880~1-3e446]:main():compute-mfcc-feats.cc:182) Processed features for key labels_S16_selected_tokens_73_7291_74_466
VLOG[2] (compute-mfcc-feats[5.5.880~1-3e446]:main():compute-mfcc-feats.cc:182) Processed features for key labels_S16_selected_tokens_74_466_75_4309
LOG (compute-mfcc-feats[5.5.880~1-3e446]:main():compute-mfcc-feats.cc:181) Processed 130 utterances
VLOG[2] (compute-mfcc-feats[5.5.880~1-3e446]:main():compute-mfcc-feats.cc:182) Processed features for key labels_S16_selected_tokens_75_4309_76_3348
VLOG[2] (compute-mfcc-feats[5.5.880~1-3e446]:main():compute-mfcc-feats.cc:182) Processed features for key labels_S16_selected_tokens_76_3348_77_4773
VLOG[2] (compute-mfcc-feats[5.5.880~1-3e446]:main():compute-mfcc-feats.cc:182) Processed features for key labels_S16_selected_tokens_77_4773_78_5339
VLOG[2] (compute-mfcc-feats[5.5.880~1-3e446]:main():compute-mfcc-feats.cc:182) Processed features for key labels_S16_selected_tokens_78_5339_79_4934
VLOG[2] (compute-mfcc-feats[5.5.880~1-3e446]:main():compute-mfcc-feats.cc:182) Processed features for key labels_S16_selected_tokens_79_4934_80_4188
VLOG[2] (compute-mfcc-feats[5.5.880~1-3e446]:main():compute-mfcc-feats.cc:182) Processed features for key labels_S16_selected_tokens_7_7019_8_8131
VLOG[2] (compute-mfcc-feats[5.5.880~1-3e446]:main():compute-mfcc-feats.cc:182) Processed features for key labels_S16_selected_tokens_80_4188_81_4684
VLOG[2] (compute-mfcc-feats[5.5.880~1-3e446]:main():compute-mfcc-feats.cc:182) Processed features for key labels_S16_selected_tokens_81_4684_82_5136
VLOG[2] (compute-mfcc-feats[5.5.880~1-3e446]:main():compute-mfcc-feats.cc:182) Processed features for key labels_S16_selected_tokens_82_5136_83_4229
VLOG[2] (compute-mfcc-feats[5.5.880~1-3e446]:main():compute-mfcc-feats.cc:182) Processed features for key labels_S16_selected_tokens_83_4229_84_504
LOG (compute-mfcc-feats[5.5.880~1-3e446]:main():compute-mfcc-feats.cc:181) Processed 140 utterances
VLOG[2] (compute-mfcc-feats[5.5.880~1-3e446]:main():compute-mfcc-feats.cc:182) Processed features for key labels_S16_selected_tokens_84_504_85_3658
VLOG[2] (compute-mfcc-feats[5.5.880~1-3e446]:main():compute-mfcc-feats.cc:182) Processed features for key labels_S16_selected_tokens_85_3658_86_272
VLOG[2] (compute-mfcc-feats[5.5.880~1-3e446]:main():compute-mfcc-feats.cc:182) Processed features for key labels_S16_selected_tokens_86_272_86_9184
VLOG[2] (compute-mfcc-feats[5.5.880~1-3e446]:main():compute-mfcc-feats.cc:182) Processed features for key labels_S16_selected_tokens_86_9184_87_6026
VLOG[2] (compute-mfcc-feats[5.5.880~1-3e446]:main():compute-mfcc-feats.cc:182) Processed features for key labels_S16_selected_tokens_87_6026_88_4003
VLOG[2] (compute-mfcc-feats[5.5.880~1-3e446]:main():compute-mfcc-feats.cc:182) Processed features for key labels_S16_selected_tokens_88_4003_89_2064
VLOG[2] (compute-mfcc-feats[5.5.880~1-3e446]:main():compute-mfcc-feats.cc:182) Processed features for key labels_S16_selected_tokens_89_2064_89_9469
VLOG[2] (compute-mfcc-feats[5.5.880~1-3e446]:main():compute-mfcc-feats.cc:182) Processed features for key labels_S16_selected_tokens_89_9469_90_7369
VLOG[2] (compute-mfcc-feats[5.5.880~1-3e446]:main():compute-mfcc-feats.cc:182) Processed features for key labels_S16_selected_tokens_8_8131_9_7607
VLOG[2] (compute-mfcc-feats[5.5.880~1-3e446]:main():compute-mfcc-feats.cc:182) Processed features for key labels_S16_selected_tokens_90_7369_91_7145
LOG (compute-mfcc-feats[5.5.880~1-3e446]:main():compute-mfcc-feats.cc:181) Processed 150 utterances
VLOG[2] (compute-mfcc-feats[5.5.880~1-3e446]:main():compute-mfcc-feats.cc:182) Processed features for key labels_S16_selected_tokens_91_7145_92_7435
VLOG[2] (compute-mfcc-feats[5.5.880~1-3e446]:main():compute-mfcc-feats.cc:182) Processed features for key labels_S16_selected_tokens_92_7435_93_54
VLOG[2] (compute-mfcc-feats[5.5.880~1-3e446]:main():compute-mfcc-feats.cc:182) Processed features for key labels_S16_selected_tokens_93_54_94_3339
VLOG[2] (compute-mfcc-feats[5.5.880~1-3e446]:main():compute-mfcc-feats.cc:182) Processed features for key labels_S16_selected_tokens_94_3339_95_2379
VLOG[2] (compute-mfcc-feats[5.5.880~1-3e446]:main():compute-mfcc-feats.cc:182) Processed features for key labels_S16_selected_tokens_95_2379_96_1183
VLOG[2] (compute-mfcc-feats[5.5.880~1-3e446]:main():compute-mfcc-feats.cc:182) Processed features for key labels_S16_selected_tokens_96_1183_97_1678
VLOG[2] (compute-mfcc-feats[5.5.880~1-3e446]:main():compute-mfcc-feats.cc:182) Processed features for key labels_S16_selected_tokens_97_1678_98_2065
VLOG[2] (compute-mfcc-feats[5.5.880~1-3e446]:main():compute-mfcc-feats.cc:182) Processed features for key labels_S16_selected_tokens_98_2065_99_0926
VLOG[2] (compute-mfcc-feats[5.5.880~1-3e446]:main():compute-mfcc-feats.cc:182) Processed features for key labels_S16_selected_tokens_99_0926_99_9307
VLOG[2] (compute-mfcc-feats[5.5.880~1-3e446]:main():compute-mfcc-feats.cc:182) Processed features for key labels_S16_selected_tokens_99_9307_100_9177
LOG (extract-segments[5.5.880~1-3e446]:main():extract-segments.cc:194) Successfully processed 160 lines out of 160 in the segments file. 
LOG (compute-mfcc-feats[5.5.880~1-3e446]:main():compute-mfcc-feats.cc:181) Processed 160 utterances
VLOG[2] (compute-mfcc-feats[5.5.880~1-3e446]:main():compute-mfcc-feats.cc:182) Processed features for key labels_S16_selected_tokens_9_7607_10_7055
LOG (compute-mfcc-feats[5.5.880~1-3e446]:main():compute-mfcc-feats.cc:185)  Done 160 out of 160 utterances.
LOG (copy-feats[5.5.880~1-3e446]:main():copy-feats.cc:143) Copied 160 feature matrices.
/Users/laurettacheng/Documents/MFA/thirdparty/bin/feat-to-len scp:../02-stimuli/P0-norming/n2/03-recordings/S16/3_selections/1_P1/4_aligned/mfa_aligner/original_corpus/corpus_data/split1/feats.0.scp ark,t:../02-stimuli/P0-norming/n2/03-recordings/S16/3_selections/1_P1/4_aligned/mfa_aligner/original_corpus/corpus_data/split1/utterance_lengths.0.scp 
