/Users/laurettacheng/Documents/MFA/thirdparty/bin/gmm-align-compiled --transition-scale=1.0 --acoustic-scale=0.1 --self-loop-scale=0.1 --beam=100 --retry-beam=400 --careful=false '/Users/laurettacheng/Documents/MFA/thirdparty/bin/gmm-boost-silence --boost=1.0 6 "../02-stimuli/P0-norming/n2/03-recordings/S16/3_selections/1_P1/4_aligned/mfa_aligner/original_corpus/align/final.mdl" - |' ark:../02-stimuli/P0-norming/n2/03-recordings/S16/3_selections/1_P1/4_aligned/mfa_aligner/original_corpus/align/fsts.0 'ark,s,cs:apply-cmvn --utt2spk=ark:../02-stimuli/P0-norming/n2/03-recordings/S16/3_selections/1_P1/4_aligned/mfa_aligner/original_corpus/corpus_data/split1/utt2spk.0 scp:../02-stimuli/P0-norming/n2/03-recordings/S16/3_selections/1_P1/4_aligned/mfa_aligner/original_corpus/corpus_data/split1/cmvn.0.scp scp:../02-stimuli/P0-norming/n2/03-recordings/S16/3_selections/1_P1/4_aligned/mfa_aligner/original_corpus/corpus_data/split1/feats.0.scp ark:- | add-deltas ark:- ark:- | transform-feats --utt2spk=ark:../02-stimuli/P0-norming/n2/03-recordings/S16/3_selections/1_P1/4_aligned/mfa_aligner/original_corpus/corpus_data/split1/utt2spk.0 ark,s,cs:../02-stimuli/P0-norming/n2/03-recordings/S16/3_selections/1_P1/4_aligned/mfa_aligner/original_corpus/align/trans.0 ark:- ark:- |' ark,t:../02-stimuli/P0-norming/n2/03-recordings/S16/3_selections/1_P1/4_aligned/mfa_aligner/original_corpus/align/ali.0 ark,t:../02-stimuli/P0-norming/n2/03-recordings/S16/3_selections/1_P1/4_aligned/mfa_aligner/original_corpus/align/ali.0.scores 
/Users/laurettacheng/Documents/MFA/thirdparty/bin/gmm-boost-silence --boost=1.0 6 ../02-stimuli/P0-norming/n2/03-recordings/S16/3_selections/1_P1/4_aligned/mfa_aligner/original_corpus/align/final.mdl - 
WARNING (gmm-boost-silence[5.5.880~1-3e446]:main():gmm-boost-silence.cc:82) The pdfs for the silence phones may be shared by other phones (note: this probably does not matter.)
LOG (gmm-boost-silence[5.5.880~1-3e446]:main():gmm-boost-silence.cc:93) Boosted weights for 5 pdfs, by factor of 1
LOG (gmm-boost-silence[5.5.880~1-3e446]:main():gmm-boost-silence.cc:103) Wrote model to -
add-deltas ark:- ark:- 
apply-cmvn --utt2spk=ark:../02-stimuli/P0-norming/n2/03-recordings/S16/3_selections/1_P1/4_aligned/mfa_aligner/original_corpus/corpus_data/split1/utt2spk.0 scp:../02-stimuli/P0-norming/n2/03-recordings/S16/3_selections/1_P1/4_aligned/mfa_aligner/original_corpus/corpus_data/split1/cmvn.0.scp scp:../02-stimuli/P0-norming/n2/03-recordings/S16/3_selections/1_P1/4_aligned/mfa_aligner/original_corpus/corpus_data/split1/feats.0.scp ark:- 
transform-feats --utt2spk=ark:../02-stimuli/P0-norming/n2/03-recordings/S16/3_selections/1_P1/4_aligned/mfa_aligner/original_corpus/corpus_data/split1/utt2spk.0 ark,s,cs:../02-stimuli/P0-norming/n2/03-recordings/S16/3_selections/1_P1/4_aligned/mfa_aligner/original_corpus/align/trans.0 ark:- ark:- 
LOG (gmm-align-compiled[5.5.880~1-3e446]:main():gmm-align-compiled.cc:127) labels_S16_selected_tokens_0_0_0_7119
LOG (gmm-align-compiled[5.5.880~1-3e446]:main():gmm-align-compiled.cc:127) labels_S16_selected_tokens_0_7119_1_4724
LOG (gmm-align-compiled[5.5.880~1-3e446]:main():gmm-align-compiled.cc:127) labels_S16_selected_tokens_100_9177_101_8324
LOG (gmm-align-compiled[5.5.880~1-3e446]:main():gmm-align-compiled.cc:127) labels_S16_selected_tokens_101_8324_102_5046
LOG (gmm-align-compiled[5.5.880~1-3e446]:main():gmm-align-compiled.cc:127) labels_S16_selected_tokens_102_5046_103_2158
LOG (gmm-align-compiled[5.5.880~1-3e446]:main():gmm-align-compiled.cc:127) labels_S16_selected_tokens_103_2158_103_9103
LOG (gmm-align-compiled[5.5.880~1-3e446]:main():gmm-align-compiled.cc:127) labels_S16_selected_tokens_103_9103_104_5821
LOG (gmm-align-compiled[5.5.880~1-3e446]:main():gmm-align-compiled.cc:127) labels_S16_selected_tokens_104_5821_105_3099
LOG (gmm-align-compiled[5.5.880~1-3e446]:main():gmm-align-compiled.cc:127) labels_S16_selected_tokens_105_3099_105_974
LOG (gmm-align-compiled[5.5.880~1-3e446]:main():gmm-align-compiled.cc:127) labels_S16_selected_tokens_105_974_106_9673
LOG (gmm-align-compiled[5.5.880~1-3e446]:main():gmm-align-compiled.cc:127) labels_S16_selected_tokens_106_9673_107_991
LOG (gmm-align-compiled[5.5.880~1-3e446]:main():gmm-align-compiled.cc:127) labels_S16_selected_tokens_107_991_108_8747
LOG (gmm-align-compiled[5.5.880~1-3e446]:main():gmm-align-compiled.cc:127) labels_S16_selected_tokens_108_8747_109_7306
LOG (gmm-align-compiled[5.5.880~1-3e446]:main():gmm-align-compiled.cc:127) labels_S16_selected_tokens_109_7306_110_5205
LOG (gmm-align-compiled[5.5.880~1-3e446]:main():gmm-align-compiled.cc:127) labels_S16_selected_tokens_10_7055_11_4984
LOG (gmm-align-compiled[5.5.880~1-3e446]:main():gmm-align-compiled.cc:127) labels_S16_selected_tokens_110_5205_111_2844
LOG (gmm-align-compiled[5.5.880~1-3e446]:main():gmm-align-compiled.cc:127) labels_S16_selected_tokens_111_2844_111_9797
LOG (gmm-align-compiled[5.5.880~1-3e446]:main():gmm-align-compiled.cc:127) labels_S16_selected_tokens_111_9797_112_6438
LOG (gmm-align-compiled[5.5.880~1-3e446]:main():gmm-align-compiled.cc:127) labels_S16_selected_tokens_112_6438_113_6527
LOG (gmm-align-compiled[5.5.880~1-3e446]:main():gmm-align-compiled.cc:127) labels_S16_selected_tokens_113_6527_114_6072
LOG (gmm-align-compiled[5.5.880~1-3e446]:main():gmm-align-compiled.cc:127) labels_S16_selected_tokens_114_6072_115_616
LOG (gmm-align-compiled[5.5.880~1-3e446]:main():gmm-align-compiled.cc:127) labels_S16_selected_tokens_115_616_116_6334
LOG (gmm-align-compiled[5.5.880~1-3e446]:main():gmm-align-compiled.cc:127) labels_S16_selected_tokens_116_6334_117_3691
LOG (gmm-align-compiled[5.5.880~1-3e446]:main():gmm-align-compiled.cc:127) labels_S16_selected_tokens_117_3691_118_1614
LOG (gmm-align-compiled[5.5.880~1-3e446]:main():gmm-align-compiled.cc:127) labels_S16_selected_tokens_118_1614_118_9536
LOG (gmm-align-compiled[5.5.880~1-3e446]:main():gmm-align-compiled.cc:127) labels_S16_selected_tokens_118_9536_119_7783
LOG (gmm-align-compiled[5.5.880~1-3e446]:main():gmm-align-compiled.cc:127) labels_S16_selected_tokens_119_7783_120_4918
LOG (gmm-align-compiled[5.5.880~1-3e446]:main():gmm-align-compiled.cc:127) labels_S16_selected_tokens_11_4984_12_3351
LOG (gmm-align-compiled[5.5.880~1-3e446]:main():gmm-align-compiled.cc:127) labels_S16_selected_tokens_120_4918_121_1959
LOG (gmm-align-compiled[5.5.880~1-3e446]:main():gmm-align-compiled.cc:127) labels_S16_selected_tokens_121_1959_121_9641
LOG (gmm-align-compiled[5.5.880~1-3e446]:main():gmm-align-compiled.cc:127) labels_S16_selected_tokens_121_9641_122_7291
LOG (gmm-align-compiled[5.5.880~1-3e446]:main():gmm-align-compiled.cc:127) labels_S16_selected_tokens_122_7291_123_4506
LOG (gmm-align-compiled[5.5.880~1-3e446]:main():gmm-align-compiled.cc:127) labels_S16_selected_tokens_123_4506_124_1309
LOG (gmm-align-compiled[5.5.880~1-3e446]:main():gmm-align-compiled.cc:127) labels_S16_selected_tokens_124_1309_125_0027
LOG (gmm-align-compiled[5.5.880~1-3e446]:main():gmm-align-compiled.cc:127) labels_S16_selected_tokens_125_0027_125_8837
LOG (gmm-align-compiled[5.5.880~1-3e446]:main():gmm-align-compiled.cc:127) labels_S16_selected_tokens_125_8837_126_6597
LOG (gmm-align-compiled[5.5.880~1-3e446]:main():gmm-align-compiled.cc:127) labels_S16_selected_tokens_126_6597_127_4391
LOG (gmm-align-compiled[5.5.880~1-3e446]:main():gmm-align-compiled.cc:127) labels_S16_selected_tokens_127_4391_128_3466
LOG (gmm-align-compiled[5.5.880~1-3e446]:main():gmm-align-compiled.cc:127) labels_S16_selected_tokens_128_3466_129_2276
LOG (gmm-align-compiled[5.5.880~1-3e446]:main():gmm-align-compiled.cc:127) labels_S16_selected_tokens_129_2276_130_244
LOG (gmm-align-compiled[5.5.880~1-3e446]:main():gmm-align-compiled.cc:127) labels_S16_selected_tokens_12_3351_13_1968
LOG (gmm-align-compiled[5.5.880~1-3e446]:main():gmm-align-compiled.cc:127) labels_S16_selected_tokens_130_244_131_2039
LOG (gmm-align-compiled[5.5.880~1-3e446]:main():gmm-align-compiled.cc:127) labels_S16_selected_tokens_131_2039_132_224
LOG (gmm-align-compiled[5.5.880~1-3e446]:main():gmm-align-compiled.cc:127) labels_S16_selected_tokens_132_224_133_1854
LOG (gmm-align-compiled[5.5.880~1-3e446]:main():gmm-align-compiled.cc:127) labels_S16_selected_tokens_133_1854_134_222
LOG (gmm-align-compiled[5.5.880~1-3e446]:main():gmm-align-compiled.cc:127) labels_S16_selected_tokens_134_222_135_20909297052154
LOG (gmm-align-compiled[5.5.880~1-3e446]:main():gmm-align-compiled.cc:127) labels_S16_selected_tokens_13_1968_14_0812
LOG (gmm-align-compiled[5.5.880~1-3e446]:main():gmm-align-compiled.cc:127) labels_S16_selected_tokens_14_0812_15_0134
LOG (gmm-align-compiled[5.5.880~1-3e446]:main():gmm-align-compiled.cc:127) labels_S16_selected_tokens_15_0134_15_9414
LOG (gmm-align-compiled[5.5.880~1-3e446]:main():gmm-align-compiled.cc:127) labels_S16_selected_tokens_15_9414_16_8423
LOG (gmm-align-compiled[5.5.880~1-3e446]:main():gmm-align-compiled.cc:127) labels_S16_selected_tokens_16_8423_17_6777
LOG (gmm-align-compiled[5.5.880~1-3e446]:main():gmm-align-compiled.cc:127) labels_S16_selected_tokens_17_6777_18_6707
LOG (gmm-align-compiled[5.5.880~1-3e446]:main():gmm-align-compiled.cc:127) labels_S16_selected_tokens_18_6707_19_7666
LOG (gmm-align-compiled[5.5.880~1-3e446]:main():gmm-align-compiled.cc:127) labels_S16_selected_tokens_19_7666_20_5849
LOG (gmm-align-compiled[5.5.880~1-3e446]:main():gmm-align-compiled.cc:127) labels_S16_selected_tokens_1_4724_2_4371
LOG (gmm-align-compiled[5.5.880~1-3e446]:main():gmm-align-compiled.cc:127) labels_S16_selected_tokens_20_5849_21_4098
LOG (gmm-align-compiled[5.5.880~1-3e446]:main():gmm-align-compiled.cc:127) labels_S16_selected_tokens_21_4098_22_3493
LOG (gmm-align-compiled[5.5.880~1-3e446]:main():gmm-align-compiled.cc:127) labels_S16_selected_tokens_22_3493_23_1332
LOG (gmm-align-compiled[5.5.880~1-3e446]:main():gmm-align-compiled.cc:127) labels_S16_selected_tokens_23_1332_24_0774
LOG (gmm-align-compiled[5.5.880~1-3e446]:main():gmm-align-compiled.cc:127) labels_S16_selected_tokens_24_0774_24_9879
LOG (gmm-align-compiled[5.5.880~1-3e446]:main():gmm-align-compiled.cc:127) labels_S16_selected_tokens_24_9879_25_7393
LOG (gmm-align-compiled[5.5.880~1-3e446]:main():gmm-align-compiled.cc:127) labels_S16_selected_tokens_25_7393_26_4681
LOG (gmm-align-compiled[5.5.880~1-3e446]:main():gmm-align-compiled.cc:127) labels_S16_selected_tokens_26_4681_27_3683
LOG (gmm-align-compiled[5.5.880~1-3e446]:main():gmm-align-compiled.cc:127) labels_S16_selected_tokens_27_3683_28_2093
LOG (gmm-align-compiled[5.5.880~1-3e446]:main():gmm-align-compiled.cc:127) labels_S16_selected_tokens_28_2093_29_0487
LOG (gmm-align-compiled[5.5.880~1-3e446]:main():gmm-align-compiled.cc:127) labels_S16_selected_tokens_29_0487_29_8392
LOG (gmm-align-compiled[5.5.880~1-3e446]:main():gmm-align-compiled.cc:127) labels_S16_selected_tokens_29_8392_30_955
LOG (gmm-align-compiled[5.5.880~1-3e446]:main():gmm-align-compiled.cc:127) labels_S16_selected_tokens_2_4371_3_43
LOG (gmm-align-compiled[5.5.880~1-3e446]:main():gmm-align-compiled.cc:127) labels_S16_selected_tokens_30_955_32_194
LOG (gmm-align-compiled[5.5.880~1-3e446]:main():gmm-align-compiled.cc:127) labels_S16_selected_tokens_32_194_33_197
LOG (gmm-align-compiled[5.5.880~1-3e446]:main():gmm-align-compiled.cc:127) labels_S16_selected_tokens_33_197_34_1341
LOG (gmm-align-compiled[5.5.880~1-3e446]:main():gmm-align-compiled.cc:127) labels_S16_selected_tokens_34_1341_35_1333
LOG (gmm-align-compiled[5.5.880~1-3e446]:main():gmm-align-compiled.cc:127) labels_S16_selected_tokens_35_1333_36_1102
LOG (gmm-align-compiled[5.5.880~1-3e446]:main():gmm-align-compiled.cc:127) labels_S16_selected_tokens_36_1102_36_9485
LOG (gmm-align-compiled[5.5.880~1-3e446]:main():gmm-align-compiled.cc:127) labels_S16_selected_tokens_36_9485_37_791
LOG (gmm-align-compiled[5.5.880~1-3e446]:main():gmm-align-compiled.cc:127) labels_S16_selected_tokens_37_791_38_5349
LOG (gmm-align-compiled[5.5.880~1-3e446]:main():gmm-align-compiled.cc:127) labels_S16_selected_tokens_38_5349_39_1742
LOG (gmm-align-compiled[5.5.880~1-3e446]:main():gmm-align-compiled.cc:127) labels_S16_selected_tokens_39_1742_39_9218
LOG (gmm-align-compiled[5.5.880~1-3e446]:main():gmm-align-compiled.cc:127) labels_S16_selected_tokens_39_9218_40_6796
LOG (gmm-align-compiled[5.5.880~1-3e446]:main():gmm-align-compiled.cc:127) labels_S16_selected_tokens_3_43_4_3434
LOG (gmm-align-compiled[5.5.880~1-3e446]:main():gmm-align-compiled.cc:127) labels_S16_selected_tokens_40_6796_41_4704
LOG (gmm-align-compiled[5.5.880~1-3e446]:main():gmm-align-compiled.cc:127) labels_S16_selected_tokens_41_4704_42_2794
LOG (gmm-align-compiled[5.5.880~1-3e446]:main():gmm-align-compiled.cc:127) labels_S16_selected_tokens_42_2794_43_1017
LOG (gmm-align-compiled[5.5.880~1-3e446]:main():gmm-align-compiled.cc:127) labels_S16_selected_tokens_43_1017_43_9895
LOG (gmm-align-compiled[5.5.880~1-3e446]:main():gmm-align-compiled.cc:127) labels_S16_selected_tokens_43_9895_44_6908
LOG (gmm-align-compiled[5.5.880~1-3e446]:main():gmm-align-compiled.cc:127) labels_S16_selected_tokens_44_6908_45_3851
LOG (gmm-align-compiled[5.5.880~1-3e446]:main():gmm-align-compiled.cc:127) labels_S16_selected_tokens_45_3851_46_2088
LOG (gmm-align-compiled[5.5.880~1-3e446]:main():gmm-align-compiled.cc:127) labels_S16_selected_tokens_46_2088_46_9481
LOG (gmm-align-compiled[5.5.880~1-3e446]:main():gmm-align-compiled.cc:127) labels_S16_selected_tokens_46_9481_47_6237
LOG (gmm-align-compiled[5.5.880~1-3e446]:main():gmm-align-compiled.cc:127) labels_S16_selected_tokens_47_6237_48_2673
LOG (gmm-align-compiled[5.5.880~1-3e446]:main():gmm-align-compiled.cc:127) labels_S16_selected_tokens_48_2673_49_0533
LOG (gmm-align-compiled[5.5.880~1-3e446]:main():gmm-align-compiled.cc:127) labels_S16_selected_tokens_49_0533_49_77
LOG (gmm-align-compiled[5.5.880~1-3e446]:main():gmm-align-compiled.cc:127) labels_S16_selected_tokens_49_77_50_4754
LOG (gmm-align-compiled[5.5.880~1-3e446]:main():gmm-align-compiled.cc:127) labels_S16_selected_tokens_4_3434_5_231
LOG (gmm-align-compiled[5.5.880~1-3e446]:main():gmm-align-compiled.cc:127) labels_S16_selected_tokens_50_4754_51_1011
LOG (gmm-align-compiled[5.5.880~1-3e446]:main():gmm-align-compiled.cc:127) labels_S16_selected_tokens_51_1011_51_8532
LOG (gmm-align-compiled[5.5.880~1-3e446]:main():gmm-align-compiled.cc:127) labels_S16_selected_tokens_51_8532_52_6367
LOG (gmm-align-compiled[5.5.880~1-3e446]:main():gmm-align-compiled.cc:127) labels_S16_selected_tokens_52_6367_53_3751
LOG (gmm-align-compiled[5.5.880~1-3e446]:main():gmm-align-compiled.cc:127) labels_S16_selected_tokens_53_3751_54_0544
LOG (gmm-align-compiled[5.5.880~1-3e446]:main():gmm-align-compiled.cc:127) labels_S16_selected_tokens_54_0544_54_9004
LOG (gmm-align-compiled[5.5.880~1-3e446]:main():gmm-align-compiled.cc:127) labels_S16_selected_tokens_54_9004_55_7847
LOG (gmm-align-compiled[5.5.880~1-3e446]:main():gmm-align-compiled.cc:127) labels_S16_selected_tokens_55_7847_56_5121
LOG (gmm-align-compiled[5.5.880~1-3e446]:main():gmm-align-compiled.cc:127) labels_S16_selected_tokens_56_5121_57_2885
LOG (gmm-align-compiled[5.5.880~1-3e446]:main():gmm-align-compiled.cc:127) labels_S16_selected_tokens_57_2885_58_2086
LOG (gmm-align-compiled[5.5.880~1-3e446]:main():gmm-align-compiled.cc:127) labels_S16_selected_tokens_58_2086_59_125
LOG (gmm-align-compiled[5.5.880~1-3e446]:main():gmm-align-compiled.cc:127) labels_S16_selected_tokens_59_125_59_8288
LOG (gmm-align-compiled[5.5.880~1-3e446]:main():gmm-align-compiled.cc:127) labels_S16_selected_tokens_59_8288_60_5335
LOG (gmm-align-compiled[5.5.880~1-3e446]:main():gmm-align-compiled.cc:127) labels_S16_selected_tokens_5_231_5_8938
LOG (gmm-align-compiled[5.5.880~1-3e446]:main():gmm-align-compiled.cc:127) labels_S16_selected_tokens_5_8938_6_5804
LOG (gmm-align-compiled[5.5.880~1-3e446]:main():gmm-align-compiled.cc:127) labels_S16_selected_tokens_60_5335_61_3973
LOG (gmm-align-compiled[5.5.880~1-3e446]:main():gmm-align-compiled.cc:127) labels_S16_selected_tokens_61_3973_62_3255
LOG (gmm-align-compiled[5.5.880~1-3e446]:main():gmm-align-compiled.cc:127) labels_S16_selected_tokens_62_3255_63_077
LOG (gmm-align-compiled[5.5.880~1-3e446]:main():gmm-align-compiled.cc:127) labels_S16_selected_tokens_63_077_63_7891
LOG (gmm-align-compiled[5.5.880~1-3e446]:main():gmm-align-compiled.cc:127) labels_S16_selected_tokens_63_7891_64_5488
LOG (gmm-align-compiled[5.5.880~1-3e446]:main():gmm-align-compiled.cc:127) labels_S16_selected_tokens_64_5488_65_3407
LOG (gmm-align-compiled[5.5.880~1-3e446]:main():gmm-align-compiled.cc:127) labels_S16_selected_tokens_65_3407_66_3163
LOG (gmm-align-compiled[5.5.880~1-3e446]:main():gmm-align-compiled.cc:127) labels_S16_selected_tokens_66_3163_67_3758
LOG (gmm-align-compiled[5.5.880~1-3e446]:main():gmm-align-compiled.cc:127) labels_S16_selected_tokens_67_3758_68_0636
LOG (gmm-align-compiled[5.5.880~1-3e446]:main():gmm-align-compiled.cc:127) labels_S16_selected_tokens_68_0636_68_7275
LOG (gmm-align-compiled[5.5.880~1-3e446]:main():gmm-align-compiled.cc:127) labels_S16_selected_tokens_68_7275_69_3906
LOG (gmm-align-compiled[5.5.880~1-3e446]:main():gmm-align-compiled.cc:127) labels_S16_selected_tokens_69_3906_70_0066
LOG (gmm-align-compiled[5.5.880~1-3e446]:main():gmm-align-compiled.cc:127) labels_S16_selected_tokens_6_5804_7_7019
LOG (gmm-align-compiled[5.5.880~1-3e446]:main():gmm-align-compiled.cc:127) labels_S16_selected_tokens_70_0066_70_654
LOG (gmm-align-compiled[5.5.880~1-3e446]:main():gmm-align-compiled.cc:127) labels_S16_selected_tokens_70_654_71_2847
LOG (gmm-align-compiled[5.5.880~1-3e446]:main():gmm-align-compiled.cc:127) labels_S16_selected_tokens_71_2847_72_1687
LOG (gmm-align-compiled[5.5.880~1-3e446]:main():gmm-align-compiled.cc:127) labels_S16_selected_tokens_72_1687_72_9819
LOG (gmm-align-compiled[5.5.880~1-3e446]:main():gmm-align-compiled.cc:127) labels_S16_selected_tokens_72_9819_73_7291
LOG (gmm-align-compiled[5.5.880~1-3e446]:main():gmm-align-compiled.cc:127) labels_S16_selected_tokens_73_7291_74_466
LOG (gmm-align-compiled[5.5.880~1-3e446]:main():gmm-align-compiled.cc:127) labels_S16_selected_tokens_74_466_75_4309
LOG (gmm-align-compiled[5.5.880~1-3e446]:main():gmm-align-compiled.cc:127) labels_S16_selected_tokens_75_4309_76_3348
LOG (gmm-align-compiled[5.5.880~1-3e446]:main():gmm-align-compiled.cc:127) labels_S16_selected_tokens_76_3348_77_4773
LOG (gmm-align-compiled[5.5.880~1-3e446]:main():gmm-align-compiled.cc:127) labels_S16_selected_tokens_77_4773_78_5339
LOG (apply-cmvn[5.5.880~1-3e446]:main():apply-cmvn.cc:162) Applied cepstral mean normalization to 160 utterances, errors on 0
LOG (gmm-align-compiled[5.5.880~1-3e446]:main():gmm-align-compiled.cc:127) labels_S16_selected_tokens_78_5339_79_4934
LOG (gmm-align-compiled[5.5.880~1-3e446]:main():gmm-align-compiled.cc:127) labels_S16_selected_tokens_79_4934_80_4188
LOG (gmm-align-compiled[5.5.880~1-3e446]:main():gmm-align-compiled.cc:127) labels_S16_selected_tokens_7_7019_8_8131
LOG (gmm-align-compiled[5.5.880~1-3e446]:main():gmm-align-compiled.cc:127) labels_S16_selected_tokens_80_4188_81_4684
LOG (gmm-align-compiled[5.5.880~1-3e446]:main():gmm-align-compiled.cc:127) labels_S16_selected_tokens_81_4684_82_5136
LOG (gmm-align-compiled[5.5.880~1-3e446]:main():gmm-align-compiled.cc:127) labels_S16_selected_tokens_82_5136_83_4229
LOG (gmm-align-compiled[5.5.880~1-3e446]:main():gmm-align-compiled.cc:127) labels_S16_selected_tokens_83_4229_84_504
LOG (gmm-align-compiled[5.5.880~1-3e446]:main():gmm-align-compiled.cc:127) labels_S16_selected_tokens_84_504_85_3658
LOG (gmm-align-compiled[5.5.880~1-3e446]:main():gmm-align-compiled.cc:127) labels_S16_selected_tokens_85_3658_86_272
LOG (gmm-align-compiled[5.5.880~1-3e446]:main():gmm-align-compiled.cc:127) labels_S16_selected_tokens_86_272_86_9184
LOG (gmm-align-compiled[5.5.880~1-3e446]:main():gmm-align-compiled.cc:127) labels_S16_selected_tokens_86_9184_87_6026
LOG (gmm-align-compiled[5.5.880~1-3e446]:main():gmm-align-compiled.cc:127) labels_S16_selected_tokens_87_6026_88_4003
LOG (gmm-align-compiled[5.5.880~1-3e446]:main():gmm-align-compiled.cc:127) labels_S16_selected_tokens_88_4003_89_2064
LOG (gmm-align-compiled[5.5.880~1-3e446]:main():gmm-align-compiled.cc:127) labels_S16_selected_tokens_89_2064_89_9469
LOG (gmm-align-compiled[5.5.880~1-3e446]:main():gmm-align-compiled.cc:127) labels_S16_selected_tokens_89_9469_90_7369
LOG (gmm-align-compiled[5.5.880~1-3e446]:main():gmm-align-compiled.cc:127) labels_S16_selected_tokens_8_8131_9_7607
LOG (gmm-align-compiled[5.5.880~1-3e446]:main():gmm-align-compiled.cc:127) labels_S16_selected_tokens_90_7369_91_7145
LOG (gmm-align-compiled[5.5.880~1-3e446]:main():gmm-align-compiled.cc:127) labels_S16_selected_tokens_91_7145_92_7435
LOG (gmm-align-compiled[5.5.880~1-3e446]:main():gmm-align-compiled.cc:127) labels_S16_selected_tokens_92_7435_93_54
LOG (gmm-align-compiled[5.5.880~1-3e446]:main():gmm-align-compiled.cc:127) labels_S16_selected_tokens_93_54_94_3339
LOG (gmm-align-compiled[5.5.880~1-3e446]:main():gmm-align-compiled.cc:127) labels_S16_selected_tokens_94_3339_95_2379
LOG (gmm-align-compiled[5.5.880~1-3e446]:main():gmm-align-compiled.cc:127) labels_S16_selected_tokens_95_2379_96_1183
LOG (transform-feats[5.5.880~1-3e446]:main():transform-feats.cc:158) Overall average logdet is 3.24289 over 13199 frames.
LOG (transform-feats[5.5.880~1-3e446]:main():transform-feats.cc:161) Applied transform to 160 utterances; 0 had errors.
LOG (gmm-align-compiled[5.5.880~1-3e446]:main():gmm-align-compiled.cc:127) labels_S16_selected_tokens_96_1183_97_1678
LOG (gmm-align-compiled[5.5.880~1-3e446]:main():gmm-align-compiled.cc:127) labels_S16_selected_tokens_97_1678_98_2065
LOG (gmm-align-compiled[5.5.880~1-3e446]:main():gmm-align-compiled.cc:127) labels_S16_selected_tokens_98_2065_99_0926
LOG (gmm-align-compiled[5.5.880~1-3e446]:main():gmm-align-compiled.cc:127) labels_S16_selected_tokens_99_0926_99_9307
LOG (gmm-align-compiled[5.5.880~1-3e446]:main():gmm-align-compiled.cc:127) labels_S16_selected_tokens_99_9307_100_9177
LOG (gmm-align-compiled[5.5.880~1-3e446]:main():gmm-align-compiled.cc:127) labels_S16_selected_tokens_9_7607_10_7055
LOG (gmm-align-compiled[5.5.880~1-3e446]:main():gmm-align-compiled.cc:135) Overall log-likelihood per frame is -101.504 over 13199 frames.
LOG (gmm-align-compiled[5.5.880~1-3e446]:main():gmm-align-compiled.cc:137) Retried 0 out of 160 utterances.
LOG (gmm-align-compiled[5.5.880~1-3e446]:main():gmm-align-compiled.cc:139) Done 160, errors on 0
