/Users/laurettacheng/Documents/MFA/thirdparty/bin/gmm-align-compiled --transition-scale=1.0 --acoustic-scale=0.1 --self-loop-scale=0.1 --beam=100 --retry-beam=400 --careful=false '/Users/laurettacheng/Documents/MFA/thirdparty/bin/gmm-boost-silence --boost=1.0 6 "../02-stimuli/P0-norming/n2/03-recordings/S03/3_selections/1_P1/4_aligned/mfa_aligner/original_corpus/align/final.mdl" - |' ark:../02-stimuli/P0-norming/n2/03-recordings/S03/3_selections/1_P1/4_aligned/mfa_aligner/original_corpus/align/fsts.0 'ark,s,cs:apply-cmvn --utt2spk=ark:../02-stimuli/P0-norming/n2/03-recordings/S03/3_selections/1_P1/4_aligned/mfa_aligner/original_corpus/corpus_data/split1/utt2spk.0 scp:../02-stimuli/P0-norming/n2/03-recordings/S03/3_selections/1_P1/4_aligned/mfa_aligner/original_corpus/corpus_data/split1/cmvn.0.scp scp:../02-stimuli/P0-norming/n2/03-recordings/S03/3_selections/1_P1/4_aligned/mfa_aligner/original_corpus/corpus_data/split1/feats.0.scp ark:- | add-deltas ark:- ark:- | transform-feats --utt2spk=ark:../02-stimuli/P0-norming/n2/03-recordings/S03/3_selections/1_P1/4_aligned/mfa_aligner/original_corpus/corpus_data/split1/utt2spk.0 ark,s,cs:../02-stimuli/P0-norming/n2/03-recordings/S03/3_selections/1_P1/4_aligned/mfa_aligner/original_corpus/align/trans.0 ark:- ark:- |' ark,t:../02-stimuli/P0-norming/n2/03-recordings/S03/3_selections/1_P1/4_aligned/mfa_aligner/original_corpus/align/ali.0 ark,t:../02-stimuli/P0-norming/n2/03-recordings/S03/3_selections/1_P1/4_aligned/mfa_aligner/original_corpus/align/ali.0.scores 
/Users/laurettacheng/Documents/MFA/thirdparty/bin/gmm-boost-silence --boost=1.0 6 ../02-stimuli/P0-norming/n2/03-recordings/S03/3_selections/1_P1/4_aligned/mfa_aligner/original_corpus/align/final.mdl - 
WARNING (gmm-boost-silence[5.5.880~1-3e446]:main():gmm-boost-silence.cc:82) The pdfs for the silence phones may be shared by other phones (note: this probably does not matter.)
LOG (gmm-boost-silence[5.5.880~1-3e446]:main():gmm-boost-silence.cc:93) Boosted weights for 5 pdfs, by factor of 1
LOG (gmm-boost-silence[5.5.880~1-3e446]:main():gmm-boost-silence.cc:103) Wrote model to -
add-deltas ark:- ark:- 
apply-cmvn --utt2spk=ark:../02-stimuli/P0-norming/n2/03-recordings/S03/3_selections/1_P1/4_aligned/mfa_aligner/original_corpus/corpus_data/split1/utt2spk.0 scp:../02-stimuli/P0-norming/n2/03-recordings/S03/3_selections/1_P1/4_aligned/mfa_aligner/original_corpus/corpus_data/split1/cmvn.0.scp scp:../02-stimuli/P0-norming/n2/03-recordings/S03/3_selections/1_P1/4_aligned/mfa_aligner/original_corpus/corpus_data/split1/feats.0.scp ark:- 
transform-feats --utt2spk=ark:../02-stimuli/P0-norming/n2/03-recordings/S03/3_selections/1_P1/4_aligned/mfa_aligner/original_corpus/corpus_data/split1/utt2spk.0 ark,s,cs:../02-stimuli/P0-norming/n2/03-recordings/S03/3_selections/1_P1/4_aligned/mfa_aligner/original_corpus/align/trans.0 ark:- ark:- 
LOG (gmm-align-compiled[5.5.880~1-3e446]:main():gmm-align-compiled.cc:127) labels_S03_selected_tokens_0_0_0_6
LOG (gmm-align-compiled[5.5.880~1-3e446]:main():gmm-align-compiled.cc:127) labels_S03_selected_tokens_0_6_1_1842
LOG (gmm-align-compiled[5.5.880~1-3e446]:main():gmm-align-compiled.cc:127) labels_S03_selected_tokens_100_402_101_3037
LOG (gmm-align-compiled[5.5.880~1-3e446]:main():gmm-align-compiled.cc:127) labels_S03_selected_tokens_101_3037_102_2055
LOG (gmm-align-compiled[5.5.880~1-3e446]:main():gmm-align-compiled.cc:127) labels_S03_selected_tokens_102_2055_103_1783
LOG (gmm-align-compiled[5.5.880~1-3e446]:main():gmm-align-compiled.cc:127) labels_S03_selected_tokens_103_1783_104_0024
LOG (gmm-align-compiled[5.5.880~1-3e446]:main():gmm-align-compiled.cc:127) labels_S03_selected_tokens_104_0024_104_9223
LOG (gmm-align-compiled[5.5.880~1-3e446]:main():gmm-align-compiled.cc:127) labels_S03_selected_tokens_104_9223_105_7063
LOG (gmm-align-compiled[5.5.880~1-3e446]:main():gmm-align-compiled.cc:127) labels_S03_selected_tokens_105_7063_106_5862
LOG (gmm-align-compiled[5.5.880~1-3e446]:main():gmm-align-compiled.cc:127) labels_S03_selected_tokens_106_5862_107_338
LOG (gmm-align-compiled[5.5.880~1-3e446]:main():gmm-align-compiled.cc:127) labels_S03_selected_tokens_107_338_108_17
LOG (gmm-align-compiled[5.5.880~1-3e446]:main():gmm-align-compiled.cc:127) labels_S03_selected_tokens_108_17_109_0897
LOG (gmm-align-compiled[5.5.880~1-3e446]:main():gmm-align-compiled.cc:127) labels_S03_selected_tokens_109_0897_110_0498
LOG (gmm-align-compiled[5.5.880~1-3e446]:main():gmm-align-compiled.cc:127) labels_S03_selected_tokens_10_2858_11_1018
LOG (gmm-align-compiled[5.5.880~1-3e446]:main():gmm-align-compiled.cc:127) labels_S03_selected_tokens_110_0498_111_0097
LOG (gmm-align-compiled[5.5.880~1-3e446]:main():gmm-align-compiled.cc:127) labels_S03_selected_tokens_111_0097_112_0978
LOG (gmm-align-compiled[5.5.880~1-3e446]:main():gmm-align-compiled.cc:127) labels_S03_selected_tokens_112_0978_112_9617
LOG (gmm-align-compiled[5.5.880~1-3e446]:main():gmm-align-compiled.cc:127) labels_S03_selected_tokens_112_9617_113_8337
LOG (gmm-align-compiled[5.5.880~1-3e446]:main():gmm-align-compiled.cc:127) labels_S03_selected_tokens_113_8337_114_8497
LOG (gmm-align-compiled[5.5.880~1-3e446]:main():gmm-align-compiled.cc:127) labels_S03_selected_tokens_114_8497_115_8258
LOG (gmm-align-compiled[5.5.880~1-3e446]:main():gmm-align-compiled.cc:127) labels_S03_selected_tokens_115_8258_116_7698
LOG (gmm-align-compiled[5.5.880~1-3e446]:main():gmm-align-compiled.cc:127) labels_S03_selected_tokens_116_7698_117_7779
LOG (gmm-align-compiled[5.5.880~1-3e446]:main():gmm-align-compiled.cc:127) labels_S03_selected_tokens_117_7779_118_7941
LOG (gmm-align-compiled[5.5.880~1-3e446]:main():gmm-align-compiled.cc:127) labels_S03_selected_tokens_118_7941_119_7941
LOG (gmm-align-compiled[5.5.880~1-3e446]:main():gmm-align-compiled.cc:127) labels_S03_selected_tokens_119_7941_120_7061
LOG (gmm-align-compiled[5.5.880~1-3e446]:main():gmm-align-compiled.cc:127) labels_S03_selected_tokens_11_1018_11_9605
LOG (gmm-align-compiled[5.5.880~1-3e446]:main():gmm-align-compiled.cc:127) labels_S03_selected_tokens_11_9605_12_8006
LOG (gmm-align-compiled[5.5.880~1-3e446]:main():gmm-align-compiled.cc:127) labels_S03_selected_tokens_120_7061_121_5141
LOG (gmm-align-compiled[5.5.880~1-3e446]:main():gmm-align-compiled.cc:127) labels_S03_selected_tokens_121_5141_122_4741
LOG (gmm-align-compiled[5.5.880~1-3e446]:main():gmm-align-compiled.cc:127) labels_S03_selected_tokens_122_4741_123_3465
LOG (gmm-align-compiled[5.5.880~1-3e446]:main():gmm-align-compiled.cc:127) labels_S03_selected_tokens_123_3465_124_3066
LOG (gmm-align-compiled[5.5.880~1-3e446]:main():gmm-align-compiled.cc:127) labels_S03_selected_tokens_124_3066_125_2186
LOG (gmm-align-compiled[5.5.880~1-3e446]:main():gmm-align-compiled.cc:127) labels_S03_selected_tokens_125_2186_126_2664
LOG (gmm-align-compiled[5.5.880~1-3e446]:main():gmm-align-compiled.cc:127) labels_S03_selected_tokens_126_2664_127_2824
LOG (gmm-align-compiled[5.5.880~1-3e446]:main():gmm-align-compiled.cc:127) labels_S03_selected_tokens_127_2824_128_4185
LOG (gmm-align-compiled[5.5.880~1-3e446]:main():gmm-align-compiled.cc:127) labels_S03_selected_tokens_128_4185_129_5865
LOG (gmm-align-compiled[5.5.880~1-3e446]:main():gmm-align-compiled.cc:127) labels_S03_selected_tokens_129_5865_130_7305
LOG (gmm-align-compiled[5.5.880~1-3e446]:main():gmm-align-compiled.cc:127) labels_S03_selected_tokens_12_8006_13_6408
LOG (gmm-align-compiled[5.5.880~1-3e446]:main():gmm-align-compiled.cc:127) labels_S03_selected_tokens_130_7305_131_9545
LOG (gmm-align-compiled[5.5.880~1-3e446]:main():gmm-align-compiled.cc:127) labels_S03_selected_tokens_131_9545_133_0825
LOG (gmm-align-compiled[5.5.880~1-3e446]:main():gmm-align-compiled.cc:127) labels_S03_selected_tokens_133_0825_134_23437641723356
LOG (gmm-align-compiled[5.5.880~1-3e446]:main():gmm-align-compiled.cc:127) labels_S03_selected_tokens_13_6408_14_4888
LOG (gmm-align-compiled[5.5.880~1-3e446]:main():gmm-align-compiled.cc:127) labels_S03_selected_tokens_14_4888_15_3453
LOG (gmm-align-compiled[5.5.880~1-3e446]:main():gmm-align-compiled.cc:127) labels_S03_selected_tokens_15_3453_16_2242
LOG (gmm-align-compiled[5.5.880~1-3e446]:main():gmm-align-compiled.cc:127) labels_S03_selected_tokens_16_2242_17_106
LOG (gmm-align-compiled[5.5.880~1-3e446]:main():gmm-align-compiled.cc:127) labels_S03_selected_tokens_17_106_17_85
LOG (gmm-align-compiled[5.5.880~1-3e446]:main():gmm-align-compiled.cc:127) labels_S03_selected_tokens_17_85_18_666
LOG (gmm-align-compiled[5.5.880~1-3e446]:main():gmm-align-compiled.cc:127) labels_S03_selected_tokens_18_666_19_4019
LOG (gmm-align-compiled[5.5.880~1-3e446]:main():gmm-align-compiled.cc:127) labels_S03_selected_tokens_19_4019_20_1539
LOG (gmm-align-compiled[5.5.880~1-3e446]:main():gmm-align-compiled.cc:127) labels_S03_selected_tokens_1_1842_1_9442
LOG (gmm-align-compiled[5.5.880~1-3e446]:main():gmm-align-compiled.cc:127) labels_S03_selected_tokens_1_9442_2_8192
LOG (gmm-align-compiled[5.5.880~1-3e446]:main():gmm-align-compiled.cc:127) labels_S03_selected_tokens_20_1539_20_9779
LOG (gmm-align-compiled[5.5.880~1-3e446]:main():gmm-align-compiled.cc:127) labels_S03_selected_tokens_20_9779_21_8339
LOG (gmm-align-compiled[5.5.880~1-3e446]:main():gmm-align-compiled.cc:127) labels_S03_selected_tokens_21_8339_22_5215
LOG (gmm-align-compiled[5.5.880~1-3e446]:main():gmm-align-compiled.cc:127) labels_S03_selected_tokens_22_5215_23_2654
LOG (gmm-align-compiled[5.5.880~1-3e446]:main():gmm-align-compiled.cc:127) labels_S03_selected_tokens_23_2654_24_1055
LOG (gmm-align-compiled[5.5.880~1-3e446]:main():gmm-align-compiled.cc:127) labels_S03_selected_tokens_24_1055_24_8575
LOG (gmm-align-compiled[5.5.880~1-3e446]:main():gmm-align-compiled.cc:127) labels_S03_selected_tokens_24_8575_25_6256
LOG (gmm-align-compiled[5.5.880~1-3e446]:main():gmm-align-compiled.cc:127) labels_S03_selected_tokens_25_6256_26_4254
LOG (gmm-align-compiled[5.5.880~1-3e446]:main():gmm-align-compiled.cc:127) labels_S03_selected_tokens_26_4254_27_4935
LOG (gmm-align-compiled[5.5.880~1-3e446]:main():gmm-align-compiled.cc:127) labels_S03_selected_tokens_27_4935_28_5735
LOG (gmm-align-compiled[5.5.880~1-3e446]:main():gmm-align-compiled.cc:127) labels_S03_selected_tokens_28_5735_29_2958
LOG (gmm-align-compiled[5.5.880~1-3e446]:main():gmm-align-compiled.cc:127) labels_S03_selected_tokens_29_2958_29_984
LOG (gmm-align-compiled[5.5.880~1-3e446]:main():gmm-align-compiled.cc:127) labels_S03_selected_tokens_29_984_30_84
LOG (gmm-align-compiled[5.5.880~1-3e446]:main():gmm-align-compiled.cc:127) labels_S03_selected_tokens_2_8192_3_5712
LOG (gmm-align-compiled[5.5.880~1-3e446]:main():gmm-align-compiled.cc:127) labels_S03_selected_tokens_30_84_31_6642
LOG (gmm-align-compiled[5.5.880~1-3e446]:main():gmm-align-compiled.cc:127) labels_S03_selected_tokens_31_6642_32_5622
LOG (gmm-align-compiled[5.5.880~1-3e446]:main():gmm-align-compiled.cc:127) labels_S03_selected_tokens_32_5622_33_3222
LOG (gmm-align-compiled[5.5.880~1-3e446]:main():gmm-align-compiled.cc:127) labels_S03_selected_tokens_33_3222_33_9701
LOG (gmm-align-compiled[5.5.880~1-3e446]:main():gmm-align-compiled.cc:127) labels_S03_selected_tokens_33_9701_34_6021
LOG (gmm-align-compiled[5.5.880~1-3e446]:main():gmm-align-compiled.cc:127) labels_S03_selected_tokens_34_6021_35_2382
LOG (gmm-align-compiled[5.5.880~1-3e446]:main():gmm-align-compiled.cc:127) labels_S03_selected_tokens_35_2382_35_8222
LOG (gmm-align-compiled[5.5.880~1-3e446]:main():gmm-align-compiled.cc:127) labels_S03_selected_tokens_35_8222_36_6681
LOG (gmm-align-compiled[5.5.880~1-3e446]:main():gmm-align-compiled.cc:127) labels_S03_selected_tokens_36_6681_37_5001
LOG (gmm-align-compiled[5.5.880~1-3e446]:main():gmm-align-compiled.cc:127) labels_S03_selected_tokens_37_5001_38_2361
LOG (gmm-align-compiled[5.5.880~1-3e446]:main():gmm-align-compiled.cc:127) labels_S03_selected_tokens_38_2361_38_9961
LOG (gmm-align-compiled[5.5.880~1-3e446]:main():gmm-align-compiled.cc:127) labels_S03_selected_tokens_38_9961_39_6442
LOG (gmm-align-compiled[5.5.880~1-3e446]:main():gmm-align-compiled.cc:127) labels_S03_selected_tokens_39_6442_40_3082
LOG (gmm-align-compiled[5.5.880~1-3e446]:main():gmm-align-compiled.cc:127) labels_S03_selected_tokens_3_5712_4_4541
LOG (gmm-align-compiled[5.5.880~1-3e446]:main():gmm-align-compiled.cc:127) labels_S03_selected_tokens_40_3082_41_0922
LOG (gmm-align-compiled[5.5.880~1-3e446]:main():gmm-align-compiled.cc:127) labels_S03_selected_tokens_41_0922_42_0282
LOG (gmm-align-compiled[5.5.880~1-3e446]:main():gmm-align-compiled.cc:127) labels_S03_selected_tokens_42_0282_42_6602
LOG (gmm-align-compiled[5.5.880~1-3e446]:main():gmm-align-compiled.cc:127) labels_S03_selected_tokens_42_6602_43_2682
LOG (gmm-align-compiled[5.5.880~1-3e446]:main():gmm-align-compiled.cc:127) labels_S03_selected_tokens_43_2682_43_9899
LOG (gmm-align-compiled[5.5.880~1-3e446]:main():gmm-align-compiled.cc:127) labels_S03_selected_tokens_43_9899_44_8148
LOG (gmm-align-compiled[5.5.880~1-3e446]:main():gmm-align-compiled.cc:127) labels_S03_selected_tokens_44_8148_45_5349
LOG (gmm-align-compiled[5.5.880~1-3e446]:main():gmm-align-compiled.cc:127) labels_S03_selected_tokens_45_5349_46_2229
LOG (gmm-align-compiled[5.5.880~1-3e446]:main():gmm-align-compiled.cc:127) labels_S03_selected_tokens_46_2229_47_0389
LOG (gmm-align-compiled[5.5.880~1-3e446]:main():gmm-align-compiled.cc:127) labels_S03_selected_tokens_47_0389_47_8149
LOG (gmm-align-compiled[5.5.880~1-3e446]:main():gmm-align-compiled.cc:127) labels_S03_selected_tokens_47_8149_48_5669
LOG (gmm-align-compiled[5.5.880~1-3e446]:main():gmm-align-compiled.cc:127) labels_S03_selected_tokens_48_5669_49_3589
LOG (gmm-align-compiled[5.5.880~1-3e446]:main():gmm-align-compiled.cc:127) labels_S03_selected_tokens_49_3589_50_2149
LOG (gmm-align-compiled[5.5.880~1-3e446]:main():gmm-align-compiled.cc:127) labels_S03_selected_tokens_4_4541_5_0381
LOG (gmm-align-compiled[5.5.880~1-3e446]:main():gmm-align-compiled.cc:127) labels_S03_selected_tokens_50_2149_51_079
LOG (gmm-align-compiled[5.5.880~1-3e446]:main():gmm-align-compiled.cc:127) labels_S03_selected_tokens_51_079_51_9514
LOG (gmm-align-compiled[5.5.880~1-3e446]:main():gmm-align-compiled.cc:127) labels_S03_selected_tokens_51_9514_52_7914
LOG (gmm-align-compiled[5.5.880~1-3e446]:main():gmm-align-compiled.cc:127) labels_S03_selected_tokens_52_7914_53_7434
LOG (gmm-align-compiled[5.5.880~1-3e446]:main():gmm-align-compiled.cc:127) labels_S03_selected_tokens_53_7434_54_6554
LOG (gmm-align-compiled[5.5.880~1-3e446]:main():gmm-align-compiled.cc:127) labels_S03_selected_tokens_54_6554_55_5035
LOG (gmm-align-compiled[5.5.880~1-3e446]:main():gmm-align-compiled.cc:127) labels_S03_selected_tokens_55_5035_56_3805
LOG (gmm-align-compiled[5.5.880~1-3e446]:main():gmm-align-compiled.cc:127) labels_S03_selected_tokens_56_3805_57_3004
LOG (gmm-align-compiled[5.5.880~1-3e446]:main():gmm-align-compiled.cc:127) labels_S03_selected_tokens_57_3004_58_172
LOG (gmm-align-compiled[5.5.880~1-3e446]:main():gmm-align-compiled.cc:127) labels_S03_selected_tokens_58_172_58_9559
LOG (gmm-align-compiled[5.5.880~1-3e446]:main():gmm-align-compiled.cc:127) labels_S03_selected_tokens_58_9559_59_7398
LOG (gmm-align-compiled[5.5.880~1-3e446]:main():gmm-align-compiled.cc:127) labels_S03_selected_tokens_59_7398_60_492
LOG (gmm-align-compiled[5.5.880~1-3e446]:main():gmm-align-compiled.cc:127) labels_S03_selected_tokens_5_0381_5_6299
LOG (gmm-align-compiled[5.5.880~1-3e446]:main():gmm-align-compiled.cc:127) labels_S03_selected_tokens_5_6299_6_4585
LOG (gmm-align-compiled[5.5.880~1-3e446]:main():gmm-align-compiled.cc:127) labels_S03_selected_tokens_60_492_61_2439
LOG (gmm-align-compiled[5.5.880~1-3e446]:main():gmm-align-compiled.cc:127) labels_S03_selected_tokens_61_2439_62_3
LOG (gmm-align-compiled[5.5.880~1-3e446]:main():gmm-align-compiled.cc:127) labels_S03_selected_tokens_62_3_63_2278
LOG (gmm-align-compiled[5.5.880~1-3e446]:main():gmm-align-compiled.cc:127) labels_S03_selected_tokens_63_2278_63_9477
LOG (gmm-align-compiled[5.5.880~1-3e446]:main():gmm-align-compiled.cc:127) labels_S03_selected_tokens_63_9477_64_6837
LOG (gmm-align-compiled[5.5.880~1-3e446]:main():gmm-align-compiled.cc:127) labels_S03_selected_tokens_64_6837_65_2997
LOG (gmm-align-compiled[5.5.880~1-3e446]:main():gmm-align-compiled.cc:127) labels_S03_selected_tokens_65_2997_65_9957
LOG (gmm-align-compiled[5.5.880~1-3e446]:main():gmm-align-compiled.cc:127) labels_S03_selected_tokens_65_9957_66_6436
LOG (gmm-align-compiled[5.5.880~1-3e446]:main():gmm-align-compiled.cc:127) labels_S03_selected_tokens_66_6436_67_2996
LOG (gmm-align-compiled[5.5.880~1-3e446]:main():gmm-align-compiled.cc:127) labels_S03_selected_tokens_67_2996_68_0756
LOG (gmm-align-compiled[5.5.880~1-3e446]:main():gmm-align-compiled.cc:127) labels_S03_selected_tokens_68_0756_68_8758
LOG (gmm-align-compiled[5.5.880~1-3e446]:main():gmm-align-compiled.cc:127) labels_S03_selected_tokens_68_8758_69_6357
LOG (gmm-align-compiled[5.5.880~1-3e446]:main():gmm-align-compiled.cc:127) labels_S03_selected_tokens_69_6357_70_4201
LOG (gmm-align-compiled[5.5.880~1-3e446]:main():gmm-align-compiled.cc:127) labels_S03_selected_tokens_6_4585_7_3016
LOG (gmm-align-compiled[5.5.880~1-3e446]:main():gmm-align-compiled.cc:127) labels_S03_selected_tokens_70_4201_71_2281
LOG (gmm-align-compiled[5.5.880~1-3e446]:main():gmm-align-compiled.cc:127) labels_S03_selected_tokens_71_2281_72_1401
LOG (gmm-align-compiled[5.5.880~1-3e446]:main():gmm-align-compiled.cc:127) labels_S03_selected_tokens_72_1401_73_0362
LOG (gmm-align-compiled[5.5.880~1-3e446]:main():gmm-align-compiled.cc:127) labels_S03_selected_tokens_73_0362_73_7722
LOG (gmm-align-compiled[5.5.880~1-3e446]:main():gmm-align-compiled.cc:127) labels_S03_selected_tokens_73_7722_74_7035
LOG (gmm-align-compiled[5.5.880~1-3e446]:main():gmm-align-compiled.cc:127) labels_S03_selected_tokens_74_7035_75_7397
LOG (gmm-align-compiled[5.5.880~1-3e446]:main():gmm-align-compiled.cc:127) labels_S03_selected_tokens_75_7397_76_5957
LOG (gmm-align-compiled[5.5.880~1-3e446]:main():gmm-align-compiled.cc:127) labels_S03_selected_tokens_76_5957_77_5234
LOG (gmm-align-compiled[5.5.880~1-3e446]:main():gmm-align-compiled.cc:127) labels_S03_selected_tokens_77_5234_78_5751
LOG (gmm-align-compiled[5.5.880~1-3e446]:main():gmm-align-compiled.cc:127) labels_S03_selected_tokens_78_5751_79_7219
LOG (apply-cmvn[5.5.880~1-3e446]:main():apply-cmvn.cc:162) Applied cepstral mean normalization to 160 utterances, errors on 0
LOG (gmm-align-compiled[5.5.880~1-3e446]:main():gmm-align-compiled.cc:127) labels_S03_selected_tokens_79_7219_80_4659
LOG (gmm-align-compiled[5.5.880~1-3e446]:main():gmm-align-compiled.cc:127) labels_S03_selected_tokens_7_3016_8_0617
LOG (gmm-align-compiled[5.5.880~1-3e446]:main():gmm-align-compiled.cc:127) labels_S03_selected_tokens_80_4659_81_2899
LOG (gmm-align-compiled[5.5.880~1-3e446]:main():gmm-align-compiled.cc:127) labels_S03_selected_tokens_81_2899_82_034
LOG (gmm-align-compiled[5.5.880~1-3e446]:main():gmm-align-compiled.cc:127) labels_S03_selected_tokens_82_034_82_786
LOG (gmm-align-compiled[5.5.880~1-3e446]:main():gmm-align-compiled.cc:127) labels_S03_selected_tokens_82_786_83_49
LOG (gmm-align-compiled[5.5.880~1-3e446]:main():gmm-align-compiled.cc:127) labels_S03_selected_tokens_83_49_84_2259
LOG (gmm-align-compiled[5.5.880~1-3e446]:main():gmm-align-compiled.cc:127) labels_S03_selected_tokens_84_2259_84_9697
LOG (gmm-align-compiled[5.5.880~1-3e446]:main():gmm-align-compiled.cc:127) labels_S03_selected_tokens_84_9697_85_7137
LOG (gmm-align-compiled[5.5.880~1-3e446]:main():gmm-align-compiled.cc:127) labels_S03_selected_tokens_85_7137_86_5617
LOG (gmm-align-compiled[5.5.880~1-3e446]:main():gmm-align-compiled.cc:127) labels_S03_selected_tokens_86_5617_87_5136
LOG (gmm-align-compiled[5.5.880~1-3e446]:main():gmm-align-compiled.cc:127) labels_S03_selected_tokens_87_5136_88_3617
LOG (gmm-align-compiled[5.5.880~1-3e446]:main():gmm-align-compiled.cc:127) labels_S03_selected_tokens_88_3617_89_2497
LOG (gmm-align-compiled[5.5.880~1-3e446]:main():gmm-align-compiled.cc:127) labels_S03_selected_tokens_89_2497_90_1057
LOG (gmm-align-compiled[5.5.880~1-3e446]:main():gmm-align-compiled.cc:127) labels_S03_selected_tokens_8_0617_8_9338
LOG (gmm-align-compiled[5.5.880~1-3e446]:main():gmm-align-compiled.cc:127) labels_S03_selected_tokens_8_9338_9_6297
LOG (gmm-align-compiled[5.5.880~1-3e446]:main():gmm-align-compiled.cc:127) labels_S03_selected_tokens_90_1057_90_9617
LOG (gmm-align-compiled[5.5.880~1-3e446]:main():gmm-align-compiled.cc:127) labels_S03_selected_tokens_90_9617_91_9857
LOG (gmm-align-compiled[5.5.880~1-3e446]:main():gmm-align-compiled.cc:127) labels_S03_selected_tokens_91_9857_93_0257
LOG (gmm-align-compiled[5.5.880~1-3e446]:main():gmm-align-compiled.cc:127) labels_S03_selected_tokens_93_0257_93_8737
LOG (gmm-align-compiled[5.5.880~1-3e446]:main():gmm-align-compiled.cc:127) labels_S03_selected_tokens_93_8737_94_7379
LOG (gmm-align-compiled[5.5.880~1-3e446]:main():gmm-align-compiled.cc:127) labels_S03_selected_tokens_94_7379_95_5859
LOG (gmm-align-compiled[5.5.880~1-3e446]:main():gmm-align-compiled.cc:127) labels_S03_selected_tokens_95_5859_96_4019
LOG (transform-feats[5.5.880~1-3e446]:main():transform-feats.cc:158) Overall average logdet is 7.5309 over 13105 frames.
LOG (transform-feats[5.5.880~1-3e446]:main():transform-feats.cc:161) Applied transform to 160 utterances; 0 had errors.
LOG (gmm-align-compiled[5.5.880~1-3e446]:main():gmm-align-compiled.cc:127) labels_S03_selected_tokens_96_4019_97_1938
LOG (gmm-align-compiled[5.5.880~1-3e446]:main():gmm-align-compiled.cc:127) labels_S03_selected_tokens_97_1938_98_0099
LOG (gmm-align-compiled[5.5.880~1-3e446]:main():gmm-align-compiled.cc:127) labels_S03_selected_tokens_98_0099_98_8499
LOG (gmm-align-compiled[5.5.880~1-3e446]:main():gmm-align-compiled.cc:127) labels_S03_selected_tokens_98_8499_99_594
LOG (gmm-align-compiled[5.5.880~1-3e446]:main():gmm-align-compiled.cc:127) labels_S03_selected_tokens_99_594_100_402
LOG (gmm-align-compiled[5.5.880~1-3e446]:main():gmm-align-compiled.cc:127) labels_S03_selected_tokens_9_6297_10_2858
LOG (gmm-align-compiled[5.5.880~1-3e446]:main():gmm-align-compiled.cc:135) Overall log-likelihood per frame is -97.473 over 13105 frames.
LOG (gmm-align-compiled[5.5.880~1-3e446]:main():gmm-align-compiled.cc:137) Retried 0 out of 160 utterances.
LOG (gmm-align-compiled[5.5.880~1-3e446]:main():gmm-align-compiled.cc:139) Done 160, errors on 0
