/Users/laurettacheng/Documents/MFA/thirdparty/bin/extract-segments scp,p:../02-stimuli/P0-norming/n2/03-recordings/S18/3_selections/1_P1/4_aligned/mfa_aligner/original_corpus/corpus_data/split1/wav.0.scp ../02-stimuli/P0-norming/n2/03-recordings/S18/3_selections/1_P1/4_aligned/mfa_aligner/original_corpus/corpus_data/split1/segments.0 ark:- 
/Users/laurettacheng/Documents/MFA/thirdparty/bin/compute-mfcc-feats --verbose=2 --use-energy=False --sample-frequency=44100 --low-freq=20 --high-freq=7800 ark:- ark:- 
/Users/laurettacheng/Documents/MFA/thirdparty/bin/copy-feats --compress=true --write-num-frames=ark,t:../02-stimuli/P0-norming/n2/03-recordings/S18/3_selections/1_P1/4_aligned/mfa_aligner/original_corpus/corpus_data/split1/utt2num_frames.0 ark:- ark,scp:../02-stimuli/P0-norming/n2/03-recordings/S18/3_selections/1_P1/4_aligned/mfa_aligner/original_corpus/corpus_data/split1/raw_mfcc.0.ark,../02-stimuli/P0-norming/n2/03-recordings/S18/3_selections/1_P1/4_aligned/mfa_aligner/original_corpus/corpus_data/split1/feats.0.scp 
VLOG[2] (compute-mfcc-feats[5.5.880~1-3e446]:main():compute-mfcc-feats.cc:182) Processed features for key labels_S18_selected_tokens_0_0_0_5996
VLOG[2] (compute-mfcc-feats[5.5.880~1-3e446]:main():compute-mfcc-feats.cc:182) Processed features for key labels_S18_selected_tokens_0_5996_1_1998
VLOG[2] (compute-mfcc-feats[5.5.880~1-3e446]:main():compute-mfcc-feats.cc:182) Processed features for key labels_S18_selected_tokens_100_6641_101_4482
VLOG[2] (compute-mfcc-feats[5.5.880~1-3e446]:main():compute-mfcc-feats.cc:182) Processed features for key labels_S18_selected_tokens_101_4482_102_2001
VLOG[2] (compute-mfcc-feats[5.5.880~1-3e446]:main():compute-mfcc-feats.cc:182) Processed features for key labels_S18_selected_tokens_102_2001_102_936
VLOG[2] (compute-mfcc-feats[5.5.880~1-3e446]:main():compute-mfcc-feats.cc:182) Processed features for key labels_S18_selected_tokens_102_936_103_6367
VLOG[2] (compute-mfcc-feats[5.5.880~1-3e446]:main():compute-mfcc-feats.cc:182) Processed features for key labels_S18_selected_tokens_103_6367_104_3105
VLOG[2] (compute-mfcc-feats[5.5.880~1-3e446]:main():compute-mfcc-feats.cc:182) Processed features for key labels_S18_selected_tokens_104_3105_105_2264
VLOG[2] (compute-mfcc-feats[5.5.880~1-3e446]:main():compute-mfcc-feats.cc:182) Processed features for key labels_S18_selected_tokens_105_2264_106_1997
LOG (compute-mfcc-feats[5.5.880~1-3e446]:main():compute-mfcc-feats.cc:181) Processed 10 utterances
VLOG[2] (compute-mfcc-feats[5.5.880~1-3e446]:main():compute-mfcc-feats.cc:182) Processed features for key labels_S18_selected_tokens_106_1997_107_0158
VLOG[2] (compute-mfcc-feats[5.5.880~1-3e446]:main():compute-mfcc-feats.cc:182) Processed features for key labels_S18_selected_tokens_107_0158_107_8101
VLOG[2] (compute-mfcc-feats[5.5.880~1-3e446]:main():compute-mfcc-feats.cc:182) Processed features for key labels_S18_selected_tokens_107_8101_108_6373
VLOG[2] (compute-mfcc-feats[5.5.880~1-3e446]:main():compute-mfcc-feats.cc:182) Processed features for key labels_S18_selected_tokens_108_6373_109_3919
VLOG[2] (compute-mfcc-feats[5.5.880~1-3e446]:main():compute-mfcc-feats.cc:182) Processed features for key labels_S18_selected_tokens_109_3919_110_1641
VLOG[2] (compute-mfcc-feats[5.5.880~1-3e446]:main():compute-mfcc-feats.cc:182) Processed features for key labels_S18_selected_tokens_10_3515_11_0872
VLOG[2] (compute-mfcc-feats[5.5.880~1-3e446]:main():compute-mfcc-feats.cc:182) Processed features for key labels_S18_selected_tokens_110_1641_110_8205
VLOG[2] (compute-mfcc-feats[5.5.880~1-3e446]:main():compute-mfcc-feats.cc:182) Processed features for key labels_S18_selected_tokens_110_8205_111_753
VLOG[2] (compute-mfcc-feats[5.5.880~1-3e446]:main():compute-mfcc-feats.cc:182) Processed features for key labels_S18_selected_tokens_111_753_112_66
VLOG[2] (compute-mfcc-feats[5.5.880~1-3e446]:main():compute-mfcc-feats.cc:182) Processed features for key labels_S18_selected_tokens_112_66_113_652
LOG (compute-mfcc-feats[5.5.880~1-3e446]:main():compute-mfcc-feats.cc:181) Processed 20 utterances
VLOG[2] (compute-mfcc-feats[5.5.880~1-3e446]:main():compute-mfcc-feats.cc:182) Processed features for key labels_S18_selected_tokens_113_652_114_6549
VLOG[2] (compute-mfcc-feats[5.5.880~1-3e446]:main():compute-mfcc-feats.cc:182) Processed features for key labels_S18_selected_tokens_114_6549_115_4843
VLOG[2] (compute-mfcc-feats[5.5.880~1-3e446]:main():compute-mfcc-feats.cc:182) Processed features for key labels_S18_selected_tokens_115_4843_116_2854
VLOG[2] (compute-mfcc-feats[5.5.880~1-3e446]:main():compute-mfcc-feats.cc:182) Processed features for key labels_S18_selected_tokens_116_2854_117_2378
VLOG[2] (compute-mfcc-feats[5.5.880~1-3e446]:main():compute-mfcc-feats.cc:182) Processed features for key labels_S18_selected_tokens_117_2378_118_0795
VLOG[2] (compute-mfcc-feats[5.5.880~1-3e446]:main():compute-mfcc-feats.cc:182) Processed features for key labels_S18_selected_tokens_118_0795_119_0236
VLOG[2] (compute-mfcc-feats[5.5.880~1-3e446]:main():compute-mfcc-feats.cc:182) Processed features for key labels_S18_selected_tokens_119_0236_119_7832
VLOG[2] (compute-mfcc-feats[5.5.880~1-3e446]:main():compute-mfcc-feats.cc:182) Processed features for key labels_S18_selected_tokens_119_7832_120_6952
VLOG[2] (compute-mfcc-feats[5.5.880~1-3e446]:main():compute-mfcc-feats.cc:182) Processed features for key labels_S18_selected_tokens_11_0872_11_8794
VLOG[2] (compute-mfcc-feats[5.5.880~1-3e446]:main():compute-mfcc-feats.cc:182) Processed features for key labels_S18_selected_tokens_11_8794_12_7683
LOG (compute-mfcc-feats[5.5.880~1-3e446]:main():compute-mfcc-feats.cc:181) Processed 30 utterances
VLOG[2] (compute-mfcc-feats[5.5.880~1-3e446]:main():compute-mfcc-feats.cc:182) Processed features for key labels_S18_selected_tokens_120_6952_121_4548
VLOG[2] (compute-mfcc-feats[5.5.880~1-3e446]:main():compute-mfcc-feats.cc:182) Processed features for key labels_S18_selected_tokens_121_4548_122_3345
VLOG[2] (compute-mfcc-feats[5.5.880~1-3e446]:main():compute-mfcc-feats.cc:182) Processed features for key labels_S18_selected_tokens_122_3345_123_1077
VLOG[2] (compute-mfcc-feats[5.5.880~1-3e446]:main():compute-mfcc-feats.cc:182) Processed features for key labels_S18_selected_tokens_123_1077_124_1007
VLOG[2] (compute-mfcc-feats[5.5.880~1-3e446]:main():compute-mfcc-feats.cc:182) Processed features for key labels_S18_selected_tokens_124_1007_125_0792
VLOG[2] (compute-mfcc-feats[5.5.880~1-3e446]:main():compute-mfcc-feats.cc:182) Processed features for key labels_S18_selected_tokens_125_0792_126_0713
VLOG[2] (compute-mfcc-feats[5.5.880~1-3e446]:main():compute-mfcc-feats.cc:182) Processed features for key labels_S18_selected_tokens_126_0713_126_8786
VLOG[2] (compute-mfcc-feats[5.5.880~1-3e446]:main():compute-mfcc-feats.cc:182) Processed features for key labels_S18_selected_tokens_126_8786_127_9272
VLOG[2] (compute-mfcc-feats[5.5.880~1-3e446]:main():compute-mfcc-feats.cc:182) Processed features for key labels_S18_selected_tokens_127_9272_128_8551
VLOG[2] (compute-mfcc-feats[5.5.880~1-3e446]:main():compute-mfcc-feats.cc:182) Processed features for key labels_S18_selected_tokens_128_8551_129_9709
LOG (compute-mfcc-feats[5.5.880~1-3e446]:main():compute-mfcc-feats.cc:181) Processed 40 utterances
VLOG[2] (compute-mfcc-feats[5.5.880~1-3e446]:main():compute-mfcc-feats.cc:182) Processed features for key labels_S18_selected_tokens_129_9709_131_0833
VLOG[2] (compute-mfcc-feats[5.5.880~1-3e446]:main():compute-mfcc-feats.cc:182) Processed features for key labels_S18_selected_tokens_12_7683_13_7388
VLOG[2] (compute-mfcc-feats[5.5.880~1-3e446]:main():compute-mfcc-feats.cc:182) Processed features for key labels_S18_selected_tokens_131_0833_132_0958
VLOG[2] (compute-mfcc-feats[5.5.880~1-3e446]:main():compute-mfcc-feats.cc:182) Processed features for key labels_S18_selected_tokens_132_0958_133_2405
VLOG[2] (compute-mfcc-feats[5.5.880~1-3e446]:main():compute-mfcc-feats.cc:182) Processed features for key labels_S18_selected_tokens_133_2405_134_4251
VLOG[2] (compute-mfcc-feats[5.5.880~1-3e446]:main():compute-mfcc-feats.cc:182) Processed features for key labels_S18_selected_tokens_134_4251_135_4353
VLOG[2] (compute-mfcc-feats[5.5.880~1-3e446]:main():compute-mfcc-feats.cc:182) Processed features for key labels_S18_selected_tokens_13_7388_14_6683
VLOG[2] (compute-mfcc-feats[5.5.880~1-3e446]:main():compute-mfcc-feats.cc:182) Processed features for key labels_S18_selected_tokens_14_6683_15_5387
VLOG[2] (compute-mfcc-feats[5.5.880~1-3e446]:main():compute-mfcc-feats.cc:182) Processed features for key labels_S18_selected_tokens_15_5387_16_5375
VLOG[2] (compute-mfcc-feats[5.5.880~1-3e446]:main():compute-mfcc-feats.cc:182) Processed features for key labels_S18_selected_tokens_16_5375_17_5326
LOG (compute-mfcc-feats[5.5.880~1-3e446]:main():compute-mfcc-feats.cc:181) Processed 50 utterances
VLOG[2] (compute-mfcc-feats[5.5.880~1-3e446]:main():compute-mfcc-feats.cc:182) Processed features for key labels_S18_selected_tokens_17_5326_18_5216
VLOG[2] (compute-mfcc-feats[5.5.880~1-3e446]:main():compute-mfcc-feats.cc:182) Processed features for key labels_S18_selected_tokens_18_5216_19_3222
VLOG[2] (compute-mfcc-feats[5.5.880~1-3e446]:main():compute-mfcc-feats.cc:182) Processed features for key labels_S18_selected_tokens_19_3222_20_106
VLOG[2] (compute-mfcc-feats[5.5.880~1-3e446]:main():compute-mfcc-feats.cc:182) Processed features for key labels_S18_selected_tokens_1_1998_2_0236
VLOG[2] (compute-mfcc-feats[5.5.880~1-3e446]:main():compute-mfcc-feats.cc:182) Processed features for key labels_S18_selected_tokens_20_106_20_8834
VLOG[2] (compute-mfcc-feats[5.5.880~1-3e446]:main():compute-mfcc-feats.cc:182) Processed features for key labels_S18_selected_tokens_20_8834_21_6821
VLOG[2] (compute-mfcc-feats[5.5.880~1-3e446]:main():compute-mfcc-feats.cc:182) Processed features for key labels_S18_selected_tokens_21_6821_22_5343
VLOG[2] (compute-mfcc-feats[5.5.880~1-3e446]:main():compute-mfcc-feats.cc:182) Processed features for key labels_S18_selected_tokens_22_5343_23_4127
VLOG[2] (compute-mfcc-feats[5.5.880~1-3e446]:main():compute-mfcc-feats.cc:182) Processed features for key labels_S18_selected_tokens_23_4127_24_1218
VLOG[2] (compute-mfcc-feats[5.5.880~1-3e446]:main():compute-mfcc-feats.cc:182) Processed features for key labels_S18_selected_tokens_24_1218_24_7696
LOG (compute-mfcc-feats[5.5.880~1-3e446]:main():compute-mfcc-feats.cc:181) Processed 60 utterances
VLOG[2] (compute-mfcc-feats[5.5.880~1-3e446]:main():compute-mfcc-feats.cc:182) Processed features for key labels_S18_selected_tokens_24_7696_25_6639
VLOG[2] (compute-mfcc-feats[5.5.880~1-3e446]:main():compute-mfcc-feats.cc:182) Processed features for key labels_S18_selected_tokens_25_6639_26_5732
VLOG[2] (compute-mfcc-feats[5.5.880~1-3e446]:main():compute-mfcc-feats.cc:182) Processed features for key labels_S18_selected_tokens_26_5732_27_3183
VLOG[2] (compute-mfcc-feats[5.5.880~1-3e446]:main():compute-mfcc-feats.cc:182) Processed features for key labels_S18_selected_tokens_27_3183_28_1276
VLOG[2] (compute-mfcc-feats[5.5.880~1-3e446]:main():compute-mfcc-feats.cc:182) Processed features for key labels_S18_selected_tokens_28_1276_29_1643
VLOG[2] (compute-mfcc-feats[5.5.880~1-3e446]:main():compute-mfcc-feats.cc:182) Processed features for key labels_S18_selected_tokens_29_1643_30_2592
VLOG[2] (compute-mfcc-feats[5.5.880~1-3e446]:main():compute-mfcc-feats.cc:182) Processed features for key labels_S18_selected_tokens_2_0236_2_8796
VLOG[2] (compute-mfcc-feats[5.5.880~1-3e446]:main():compute-mfcc-feats.cc:182) Processed features for key labels_S18_selected_tokens_2_8796_3_758
VLOG[2] (compute-mfcc-feats[5.5.880~1-3e446]:main():compute-mfcc-feats.cc:182) Processed features for key labels_S18_selected_tokens_30_2592_30_9235
VLOG[2] (compute-mfcc-feats[5.5.880~1-3e446]:main():compute-mfcc-feats.cc:182) Processed features for key labels_S18_selected_tokens_30_9235_31_5565
LOG (compute-mfcc-feats[5.5.880~1-3e446]:main():compute-mfcc-feats.cc:181) Processed 70 utterances
VLOG[2] (compute-mfcc-feats[5.5.880~1-3e446]:main():compute-mfcc-feats.cc:182) Processed features for key labels_S18_selected_tokens_31_5565_32_4627
VLOG[2] (compute-mfcc-feats[5.5.880~1-3e446]:main():compute-mfcc-feats.cc:182) Processed features for key labels_S18_selected_tokens_32_4627_33_4142
VLOG[2] (compute-mfcc-feats[5.5.880~1-3e446]:main():compute-mfcc-feats.cc:182) Processed features for key labels_S18_selected_tokens_33_4142_34_118
VLOG[2] (compute-mfcc-feats[5.5.880~1-3e446]:main():compute-mfcc-feats.cc:182) Processed features for key labels_S18_selected_tokens_34_118_34_7578
VLOG[2] (compute-mfcc-feats[5.5.880~1-3e446]:main():compute-mfcc-feats.cc:182) Processed features for key labels_S18_selected_tokens_34_7578_35_6207
VLOG[2] (compute-mfcc-feats[5.5.880~1-3e446]:main():compute-mfcc-feats.cc:182) Processed features for key labels_S18_selected_tokens_35_6207_36_3313
VLOG[2] (compute-mfcc-feats[5.5.880~1-3e446]:main():compute-mfcc-feats.cc:182) Processed features for key labels_S18_selected_tokens_36_3313_37_091
VLOG[2] (compute-mfcc-feats[5.5.880~1-3e446]:main():compute-mfcc-feats.cc:182) Processed features for key labels_S18_selected_tokens_37_091_37_8143
VLOG[2] (compute-mfcc-feats[5.5.880~1-3e446]:main():compute-mfcc-feats.cc:182) Processed features for key labels_S18_selected_tokens_37_8143_38_7034
VLOG[2] (compute-mfcc-feats[5.5.880~1-3e446]:main():compute-mfcc-feats.cc:182) Processed features for key labels_S18_selected_tokens_38_7034_39_5995
LOG (compute-mfcc-feats[5.5.880~1-3e446]:main():compute-mfcc-feats.cc:181) Processed 80 utterances
VLOG[2] (compute-mfcc-feats[5.5.880~1-3e446]:main():compute-mfcc-feats.cc:182) Processed features for key labels_S18_selected_tokens_39_5995_40_3828
VLOG[2] (compute-mfcc-feats[5.5.880~1-3e446]:main():compute-mfcc-feats.cc:182) Processed features for key labels_S18_selected_tokens_3_758_4_5384
VLOG[2] (compute-mfcc-feats[5.5.880~1-3e446]:main():compute-mfcc-feats.cc:182) Processed features for key labels_S18_selected_tokens_40_3828_41_2312
VLOG[2] (compute-mfcc-feats[5.5.880~1-3e446]:main():compute-mfcc-feats.cc:182) Processed features for key labels_S18_selected_tokens_41_2312_41_9561
VLOG[2] (compute-mfcc-feats[5.5.880~1-3e446]:main():compute-mfcc-feats.cc:182) Processed features for key labels_S18_selected_tokens_41_9561_42_7482
VLOG[2] (compute-mfcc-feats[5.5.880~1-3e446]:main():compute-mfcc-feats.cc:182) Processed features for key labels_S18_selected_tokens_42_7482_43_6916
VLOG[2] (compute-mfcc-feats[5.5.880~1-3e446]:main():compute-mfcc-feats.cc:182) Processed features for key labels_S18_selected_tokens_43_6916_44_4995
VLOG[2] (compute-mfcc-feats[5.5.880~1-3e446]:main():compute-mfcc-feats.cc:182) Processed features for key labels_S18_selected_tokens_44_4995_45_1724
VLOG[2] (compute-mfcc-feats[5.5.880~1-3e446]:main():compute-mfcc-feats.cc:182) Processed features for key labels_S18_selected_tokens_45_1724_45_8037
VLOG[2] (compute-mfcc-feats[5.5.880~1-3e446]:main():compute-mfcc-feats.cc:182) Processed features for key labels_S18_selected_tokens_45_8037_46_58
LOG (compute-mfcc-feats[5.5.880~1-3e446]:main():compute-mfcc-feats.cc:181) Processed 90 utterances
VLOG[2] (compute-mfcc-feats[5.5.880~1-3e446]:main():compute-mfcc-feats.cc:182) Processed features for key labels_S18_selected_tokens_46_58_47_228
VLOG[2] (compute-mfcc-feats[5.5.880~1-3e446]:main():compute-mfcc-feats.cc:182) Processed features for key labels_S18_selected_tokens_47_228_47_9076
VLOG[2] (compute-mfcc-feats[5.5.880~1-3e446]:main():compute-mfcc-feats.cc:182) Processed features for key labels_S18_selected_tokens_47_9076_48_5802
VLOG[2] (compute-mfcc-feats[5.5.880~1-3e446]:main():compute-mfcc-feats.cc:182) Processed features for key labels_S18_selected_tokens_48_5802_49_2846
VLOG[2] (compute-mfcc-feats[5.5.880~1-3e446]:main():compute-mfcc-feats.cc:182) Processed features for key labels_S18_selected_tokens_49_2846_49_9798
VLOG[2] (compute-mfcc-feats[5.5.880~1-3e446]:main():compute-mfcc-feats.cc:182) Processed features for key labels_S18_selected_tokens_49_9798_50_6669
VLOG[2] (compute-mfcc-feats[5.5.880~1-3e446]:main():compute-mfcc-feats.cc:182) Processed features for key labels_S18_selected_tokens_4_5384_5_2586
VLOG[2] (compute-mfcc-feats[5.5.880~1-3e446]:main():compute-mfcc-feats.cc:182) Processed features for key labels_S18_selected_tokens_50_6669_51_2723
VLOG[2] (compute-mfcc-feats[5.5.880~1-3e446]:main():compute-mfcc-feats.cc:182) Processed features for key labels_S18_selected_tokens_51_2723_52_1122
VLOG[2] (compute-mfcc-feats[5.5.880~1-3e446]:main():compute-mfcc-feats.cc:182) Processed features for key labels_S18_selected_tokens_52_1122_53_0401
LOG (compute-mfcc-feats[5.5.880~1-3e446]:main():compute-mfcc-feats.cc:181) Processed 100 utterances
VLOG[2] (compute-mfcc-feats[5.5.880~1-3e446]:main():compute-mfcc-feats.cc:182) Processed features for key labels_S18_selected_tokens_53_0401_53_832
VLOG[2] (compute-mfcc-feats[5.5.880~1-3e446]:main():compute-mfcc-feats.cc:182) Processed features for key labels_S18_selected_tokens_53_832_54_5464
VLOG[2] (compute-mfcc-feats[5.5.880~1-3e446]:main():compute-mfcc-feats.cc:182) Processed features for key labels_S18_selected_tokens_54_5464_55_4833
VLOG[2] (compute-mfcc-feats[5.5.880~1-3e446]:main():compute-mfcc-feats.cc:182) Processed features for key labels_S18_selected_tokens_55_4833_56_44
VLOG[2] (compute-mfcc-feats[5.5.880~1-3e446]:main():compute-mfcc-feats.cc:182) Processed features for key labels_S18_selected_tokens_56_44_57_1382
VLOG[2] (compute-mfcc-feats[5.5.880~1-3e446]:main():compute-mfcc-feats.cc:182) Processed features for key labels_S18_selected_tokens_57_1382_57_7948
VLOG[2] (compute-mfcc-feats[5.5.880~1-3e446]:main():compute-mfcc-feats.cc:182) Processed features for key labels_S18_selected_tokens_57_7948_58_7076
VLOG[2] (compute-mfcc-feats[5.5.880~1-3e446]:main():compute-mfcc-feats.cc:182) Processed features for key labels_S18_selected_tokens_58_7076_59_7043
VLOG[2] (compute-mfcc-feats[5.5.880~1-3e446]:main():compute-mfcc-feats.cc:182) Processed features for key labels_S18_selected_tokens_59_7043_60_432
VLOG[2] (compute-mfcc-feats[5.5.880~1-3e446]:main():compute-mfcc-feats.cc:182) Processed features for key labels_S18_selected_tokens_5_2586_5_8752
LOG (compute-mfcc-feats[5.5.880~1-3e446]:main():compute-mfcc-feats.cc:181) Processed 110 utterances
VLOG[2] (compute-mfcc-feats[5.5.880~1-3e446]:main():compute-mfcc-feats.cc:182) Processed features for key labels_S18_selected_tokens_5_8752_6_9315
VLOG[2] (compute-mfcc-feats[5.5.880~1-3e446]:main():compute-mfcc-feats.cc:182) Processed features for key labels_S18_selected_tokens_60_432_61_1862
VLOG[2] (compute-mfcc-feats[5.5.880~1-3e446]:main():compute-mfcc-feats.cc:182) Processed features for key labels_S18_selected_tokens_61_1862_61_9677
VLOG[2] (compute-mfcc-feats[5.5.880~1-3e446]:main():compute-mfcc-feats.cc:182) Processed features for key labels_S18_selected_tokens_61_9677_62_74
VLOG[2] (compute-mfcc-feats[5.5.880~1-3e446]:main():compute-mfcc-feats.cc:182) Processed features for key labels_S18_selected_tokens_62_74_63_7401
VLOG[2] (compute-mfcc-feats[5.5.880~1-3e446]:main():compute-mfcc-feats.cc:182) Processed features for key labels_S18_selected_tokens_63_7401_64_7809
VLOG[2] (compute-mfcc-feats[5.5.880~1-3e446]:main():compute-mfcc-feats.cc:182) Processed features for key labels_S18_selected_tokens_64_7809_65_4549
VLOG[2] (compute-mfcc-feats[5.5.880~1-3e446]:main():compute-mfcc-feats.cc:182) Processed features for key labels_S18_selected_tokens_65_4549_66_0867
VLOG[2] (compute-mfcc-feats[5.5.880~1-3e446]:main():compute-mfcc-feats.cc:182) Processed features for key labels_S18_selected_tokens_66_0867_66_8356
VLOG[2] (compute-mfcc-feats[5.5.880~1-3e446]:main():compute-mfcc-feats.cc:182) Processed features for key labels_S18_selected_tokens_66_8356_67_5286
LOG (compute-mfcc-feats[5.5.880~1-3e446]:main():compute-mfcc-feats.cc:181) Processed 120 utterances
VLOG[2] (compute-mfcc-feats[5.5.880~1-3e446]:main():compute-mfcc-feats.cc:182) Processed features for key labels_S18_selected_tokens_67_5286_68_3051
VLOG[2] (compute-mfcc-feats[5.5.880~1-3e446]:main():compute-mfcc-feats.cc:182) Processed features for key labels_S18_selected_tokens_68_3051_69_0097
VLOG[2] (compute-mfcc-feats[5.5.880~1-3e446]:main():compute-mfcc-feats.cc:182) Processed features for key labels_S18_selected_tokens_69_0097_69_9089
VLOG[2] (compute-mfcc-feats[5.5.880~1-3e446]:main():compute-mfcc-feats.cc:182) Processed features for key labels_S18_selected_tokens_69_9089_70_9447
VLOG[2] (compute-mfcc-feats[5.5.880~1-3e446]:main():compute-mfcc-feats.cc:182) Processed features for key labels_S18_selected_tokens_6_9315_7_9679
VLOG[2] (compute-mfcc-feats[5.5.880~1-3e446]:main():compute-mfcc-feats.cc:182) Processed features for key labels_S18_selected_tokens_70_9447_71_7528
VLOG[2] (compute-mfcc-feats[5.5.880~1-3e446]:main():compute-mfcc-feats.cc:182) Processed features for key labels_S18_selected_tokens_71_7528_72_4693
VLOG[2] (compute-mfcc-feats[5.5.880~1-3e446]:main():compute-mfcc-feats.cc:182) Processed features for key labels_S18_selected_tokens_72_4693_73_3447
VLOG[2] (compute-mfcc-feats[5.5.880~1-3e446]:main():compute-mfcc-feats.cc:182) Processed features for key labels_S18_selected_tokens_73_3447_74_2271
VLOG[2] (compute-mfcc-feats[5.5.880~1-3e446]:main():compute-mfcc-feats.cc:182) Processed features for key labels_S18_selected_tokens_74_2271_75_2937
LOG (compute-mfcc-feats[5.5.880~1-3e446]:main():compute-mfcc-feats.cc:181) Processed 130 utterances
VLOG[2] (compute-mfcc-feats[5.5.880~1-3e446]:main():compute-mfcc-feats.cc:182) Processed features for key labels_S18_selected_tokens_75_2937_76_4614
VLOG[2] (compute-mfcc-feats[5.5.880~1-3e446]:main():compute-mfcc-feats.cc:182) Processed features for key labels_S18_selected_tokens_76_4614_77_3879
VLOG[2] (compute-mfcc-feats[5.5.880~1-3e446]:main():compute-mfcc-feats.cc:182) Processed features for key labels_S18_selected_tokens_77_3879_78_2844
VLOG[2] (compute-mfcc-feats[5.5.880~1-3e446]:main():compute-mfcc-feats.cc:182) Processed features for key labels_S18_selected_tokens_78_2844_79_3333
VLOG[2] (compute-mfcc-feats[5.5.880~1-3e446]:main():compute-mfcc-feats.cc:182) Processed features for key labels_S18_selected_tokens_79_3333_80_3492
VLOG[2] (compute-mfcc-feats[5.5.880~1-3e446]:main():compute-mfcc-feats.cc:182) Processed features for key labels_S18_selected_tokens_7_9679_8_7677
VLOG[2] (compute-mfcc-feats[5.5.880~1-3e446]:main():compute-mfcc-feats.cc:182) Processed features for key labels_S18_selected_tokens_80_3492_81_464
VLOG[2] (compute-mfcc-feats[5.5.880~1-3e446]:main():compute-mfcc-feats.cc:182) Processed features for key labels_S18_selected_tokens_81_464_82_5573
VLOG[2] (compute-mfcc-feats[5.5.880~1-3e446]:main():compute-mfcc-feats.cc:182) Processed features for key labels_S18_selected_tokens_82_5573_83_3796
VLOG[2] (compute-mfcc-feats[5.5.880~1-3e446]:main():compute-mfcc-feats.cc:182) Processed features for key labels_S18_selected_tokens_83_3796_84_1984
LOG (compute-mfcc-feats[5.5.880~1-3e446]:main():compute-mfcc-feats.cc:181) Processed 140 utterances
VLOG[2] (compute-mfcc-feats[5.5.880~1-3e446]:main():compute-mfcc-feats.cc:182) Processed features for key labels_S18_selected_tokens_84_1984_84_927
VLOG[2] (compute-mfcc-feats[5.5.880~1-3e446]:main():compute-mfcc-feats.cc:182) Processed features for key labels_S18_selected_tokens_84_927_85_6508
VLOG[2] (compute-mfcc-feats[5.5.880~1-3e446]:main():compute-mfcc-feats.cc:182) Processed features for key labels_S18_selected_tokens_85_6508_86_4738
VLOG[2] (compute-mfcc-feats[5.5.880~1-3e446]:main():compute-mfcc-feats.cc:182) Processed features for key labels_S18_selected_tokens_86_4738_87_3058
VLOG[2] (compute-mfcc-feats[5.5.880~1-3e446]:main():compute-mfcc-feats.cc:182) Processed features for key labels_S18_selected_tokens_87_3058_88_2371
VLOG[2] (compute-mfcc-feats[5.5.880~1-3e446]:main():compute-mfcc-feats.cc:182) Processed features for key labels_S18_selected_tokens_88_2371_89_1046
VLOG[2] (compute-mfcc-feats[5.5.880~1-3e446]:main():compute-mfcc-feats.cc:182) Processed features for key labels_S18_selected_tokens_89_1046_90_0365
VLOG[2] (compute-mfcc-feats[5.5.880~1-3e446]:main():compute-mfcc-feats.cc:182) Processed features for key labels_S18_selected_tokens_8_7677_9_5998
VLOG[2] (compute-mfcc-feats[5.5.880~1-3e446]:main():compute-mfcc-feats.cc:182) Processed features for key labels_S18_selected_tokens_90_0365_90_9739
VLOG[2] (compute-mfcc-feats[5.5.880~1-3e446]:main():compute-mfcc-feats.cc:182) Processed features for key labels_S18_selected_tokens_90_9739_91_7368
LOG (compute-mfcc-feats[5.5.880~1-3e446]:main():compute-mfcc-feats.cc:181) Processed 150 utterances
VLOG[2] (compute-mfcc-feats[5.5.880~1-3e446]:main():compute-mfcc-feats.cc:182) Processed features for key labels_S18_selected_tokens_91_7368_92_6888
VLOG[2] (compute-mfcc-feats[5.5.880~1-3e446]:main():compute-mfcc-feats.cc:182) Processed features for key labels_S18_selected_tokens_92_6888_93_5282
VLOG[2] (compute-mfcc-feats[5.5.880~1-3e446]:main():compute-mfcc-feats.cc:182) Processed features for key labels_S18_selected_tokens_93_5282_94_3356
VLOG[2] (compute-mfcc-feats[5.5.880~1-3e446]:main():compute-mfcc-feats.cc:182) Processed features for key labels_S18_selected_tokens_94_3356_95_3132
VLOG[2] (compute-mfcc-feats[5.5.880~1-3e446]:main():compute-mfcc-feats.cc:182) Processed features for key labels_S18_selected_tokens_95_3132_96_4506
VLOG[2] (compute-mfcc-feats[5.5.880~1-3e446]:main():compute-mfcc-feats.cc:182) Processed features for key labels_S18_selected_tokens_96_4506_97_2861
VLOG[2] (compute-mfcc-feats[5.5.880~1-3e446]:main():compute-mfcc-feats.cc:182) Processed features for key labels_S18_selected_tokens_97_2861_98_119
VLOG[2] (compute-mfcc-feats[5.5.880~1-3e446]:main():compute-mfcc-feats.cc:182) Processed features for key labels_S18_selected_tokens_98_119_98_9837
VLOG[2] (compute-mfcc-feats[5.5.880~1-3e446]:main():compute-mfcc-feats.cc:182) Processed features for key labels_S18_selected_tokens_98_9837_99_8349
LOG (extract-segments[5.5.880~1-3e446]:main():extract-segments.cc:194) Successfully processed 160 lines out of 160 in the segments file. 
VLOG[2] (compute-mfcc-feats[5.5.880~1-3e446]:main():compute-mfcc-feats.cc:182) Processed features for key labels_S18_selected_tokens_99_8349_100_6641
LOG (compute-mfcc-feats[5.5.880~1-3e446]:main():compute-mfcc-feats.cc:181) Processed 160 utterances
VLOG[2] (compute-mfcc-feats[5.5.880~1-3e446]:main():compute-mfcc-feats.cc:182) Processed features for key labels_S18_selected_tokens_9_5998_10_3515
LOG (compute-mfcc-feats[5.5.880~1-3e446]:main():compute-mfcc-feats.cc:185)  Done 160 out of 160 utterances.
LOG (copy-feats[5.5.880~1-3e446]:main():copy-feats.cc:143) Copied 160 feature matrices.
/Users/laurettacheng/Documents/MFA/thirdparty/bin/feat-to-len scp:../02-stimuli/P0-norming/n2/03-recordings/S18/3_selections/1_P1/4_aligned/mfa_aligner/original_corpus/corpus_data/split1/feats.0.scp ark,t:../02-stimuli/P0-norming/n2/03-recordings/S18/3_selections/1_P1/4_aligned/mfa_aligner/original_corpus/corpus_data/split1/utterance_lengths.0.scp 
