/Users/laurettacheng/Documents/MFA/thirdparty/bin/gmm-align-compiled --transition-scale=1.0 --acoustic-scale=0.1 --self-loop-scale=0.1 --beam=100 --retry-beam=400 --careful=false '/Users/laurettacheng/Documents/MFA/thirdparty/bin/gmm-boost-silence --boost=1.0 6 "../02-stimuli/P0-norming/n2/03-recordings/S06/3_selections/1_P1/4_aligned/mfa_aligner/original_corpus/align/final.mdl" - |' ark:../02-stimuli/P0-norming/n2/03-recordings/S06/3_selections/1_P1/4_aligned/mfa_aligner/original_corpus/align/fsts.0 'ark,s,cs:apply-cmvn --utt2spk=ark:../02-stimuli/P0-norming/n2/03-recordings/S06/3_selections/1_P1/4_aligned/mfa_aligner/original_corpus/corpus_data/split1/utt2spk.0 scp:../02-stimuli/P0-norming/n2/03-recordings/S06/3_selections/1_P1/4_aligned/mfa_aligner/original_corpus/corpus_data/split1/cmvn.0.scp scp:../02-stimuli/P0-norming/n2/03-recordings/S06/3_selections/1_P1/4_aligned/mfa_aligner/original_corpus/corpus_data/split1/feats.0.scp ark:- | add-deltas ark:- ark:- | transform-feats --utt2spk=ark:../02-stimuli/P0-norming/n2/03-recordings/S06/3_selections/1_P1/4_aligned/mfa_aligner/original_corpus/corpus_data/split1/utt2spk.0 ark,s,cs:../02-stimuli/P0-norming/n2/03-recordings/S06/3_selections/1_P1/4_aligned/mfa_aligner/original_corpus/align/trans.0 ark:- ark:- |' ark,t:../02-stimuli/P0-norming/n2/03-recordings/S06/3_selections/1_P1/4_aligned/mfa_aligner/original_corpus/align/ali.0 ark,t:../02-stimuli/P0-norming/n2/03-recordings/S06/3_selections/1_P1/4_aligned/mfa_aligner/original_corpus/align/ali.0.scores 
/Users/laurettacheng/Documents/MFA/thirdparty/bin/gmm-boost-silence --boost=1.0 6 ../02-stimuli/P0-norming/n2/03-recordings/S06/3_selections/1_P1/4_aligned/mfa_aligner/original_corpus/align/final.mdl - 
WARNING (gmm-boost-silence[5.5.880~1-3e446]:main():gmm-boost-silence.cc:82) The pdfs for the silence phones may be shared by other phones (note: this probably does not matter.)
LOG (gmm-boost-silence[5.5.880~1-3e446]:main():gmm-boost-silence.cc:93) Boosted weights for 5 pdfs, by factor of 1
LOG (gmm-boost-silence[5.5.880~1-3e446]:main():gmm-boost-silence.cc:103) Wrote model to -
add-deltas ark:- ark:- 
apply-cmvn --utt2spk=ark:../02-stimuli/P0-norming/n2/03-recordings/S06/3_selections/1_P1/4_aligned/mfa_aligner/original_corpus/corpus_data/split1/utt2spk.0 scp:../02-stimuli/P0-norming/n2/03-recordings/S06/3_selections/1_P1/4_aligned/mfa_aligner/original_corpus/corpus_data/split1/cmvn.0.scp scp:../02-stimuli/P0-norming/n2/03-recordings/S06/3_selections/1_P1/4_aligned/mfa_aligner/original_corpus/corpus_data/split1/feats.0.scp ark:- 
transform-feats --utt2spk=ark:../02-stimuli/P0-norming/n2/03-recordings/S06/3_selections/1_P1/4_aligned/mfa_aligner/original_corpus/corpus_data/split1/utt2spk.0 ark,s,cs:../02-stimuli/P0-norming/n2/03-recordings/S06/3_selections/1_P1/4_aligned/mfa_aligner/original_corpus/align/trans.0 ark:- ark:- 
LOG (gmm-align-compiled[5.5.880~1-3e446]:main():gmm-align-compiled.cc:127) labels_S06_selected_tokens_0_0_0_5903
LOG (gmm-align-compiled[5.5.880~1-3e446]:main():gmm-align-compiled.cc:127) labels_S06_selected_tokens_0_5903_1_1651
LOG (gmm-align-compiled[5.5.880~1-3e446]:main():gmm-align-compiled.cc:127) labels_S06_selected_tokens_100_0742_100_8892
LOG (gmm-align-compiled[5.5.880~1-3e446]:main():gmm-align-compiled.cc:127) labels_S06_selected_tokens_100_8892_101_6508
LOG (gmm-align-compiled[5.5.880~1-3e446]:main():gmm-align-compiled.cc:127) labels_S06_selected_tokens_101_6508_102_4113
LOG (gmm-align-compiled[5.5.880~1-3e446]:main():gmm-align-compiled.cc:127) labels_S06_selected_tokens_102_4113_103_0823
LOG (gmm-align-compiled[5.5.880~1-3e446]:main():gmm-align-compiled.cc:127) labels_S06_selected_tokens_103_0823_103_8516
LOG (gmm-align-compiled[5.5.880~1-3e446]:main():gmm-align-compiled.cc:127) labels_S06_selected_tokens_103_8516_104_7376
LOG (gmm-align-compiled[5.5.880~1-3e446]:main():gmm-align-compiled.cc:127) labels_S06_selected_tokens_104_7376_105_6444
LOG (gmm-align-compiled[5.5.880~1-3e446]:main():gmm-align-compiled.cc:127) labels_S06_selected_tokens_105_6444_106_5379
LOG (gmm-align-compiled[5.5.880~1-3e446]:main():gmm-align-compiled.cc:127) labels_S06_selected_tokens_106_5379_107_3541
LOG (gmm-align-compiled[5.5.880~1-3e446]:main():gmm-align-compiled.cc:127) labels_S06_selected_tokens_107_3541_108_0653
LOG (gmm-align-compiled[5.5.880~1-3e446]:main():gmm-align-compiled.cc:127) labels_S06_selected_tokens_108_0653_108_7496
LOG (gmm-align-compiled[5.5.880~1-3e446]:main():gmm-align-compiled.cc:127) labels_S06_selected_tokens_108_7496_109_6811
LOG (gmm-align-compiled[5.5.880~1-3e446]:main():gmm-align-compiled.cc:127) labels_S06_selected_tokens_109_6811_110_5759
LOG (gmm-align-compiled[5.5.880~1-3e446]:main():gmm-align-compiled.cc:127) labels_S06_selected_tokens_10_5893_11_4196
LOG (gmm-align-compiled[5.5.880~1-3e446]:main():gmm-align-compiled.cc:127) labels_S06_selected_tokens_110_5759_111_6163
LOG (gmm-align-compiled[5.5.880~1-3e446]:main():gmm-align-compiled.cc:127) labels_S06_selected_tokens_111_6163_112_6036
LOG (gmm-align-compiled[5.5.880~1-3e446]:main():gmm-align-compiled.cc:127) labels_S06_selected_tokens_112_6036_113_458
LOG (gmm-align-compiled[5.5.880~1-3e446]:main():gmm-align-compiled.cc:127) labels_S06_selected_tokens_113_458_114_3815
LOG (gmm-align-compiled[5.5.880~1-3e446]:main():gmm-align-compiled.cc:127) labels_S06_selected_tokens_114_3815_115_1651
LOG (gmm-align-compiled[5.5.880~1-3e446]:main():gmm-align-compiled.cc:127) labels_S06_selected_tokens_115_1651_115_8894
LOG (gmm-align-compiled[5.5.880~1-3e446]:main():gmm-align-compiled.cc:127) labels_S06_selected_tokens_115_8894_116_9203
LOG (gmm-align-compiled[5.5.880~1-3e446]:main():gmm-align-compiled.cc:127) labels_S06_selected_tokens_116_9203_117_776
LOG (gmm-align-compiled[5.5.880~1-3e446]:main():gmm-align-compiled.cc:127) labels_S06_selected_tokens_117_776_118_5769
LOG (gmm-align-compiled[5.5.880~1-3e446]:main():gmm-align-compiled.cc:127) labels_S06_selected_tokens_118_5769_119_2822
LOG (gmm-align-compiled[5.5.880~1-3e446]:main():gmm-align-compiled.cc:127) labels_S06_selected_tokens_119_2822_120_2112
LOG (gmm-align-compiled[5.5.880~1-3e446]:main():gmm-align-compiled.cc:127) labels_S06_selected_tokens_11_4196_12_5225
LOG (gmm-align-compiled[5.5.880~1-3e446]:main():gmm-align-compiled.cc:127) labels_S06_selected_tokens_120_2112_121_0184
LOG (gmm-align-compiled[5.5.880~1-3e446]:main():gmm-align-compiled.cc:127) labels_S06_selected_tokens_121_0184_121_9945
LOG (gmm-align-compiled[5.5.880~1-3e446]:main():gmm-align-compiled.cc:127) labels_S06_selected_tokens_121_9945_122_7797
LOG (gmm-align-compiled[5.5.880~1-3e446]:main():gmm-align-compiled.cc:127) labels_S06_selected_tokens_122_7797_123_6831
LOG (gmm-align-compiled[5.5.880~1-3e446]:main():gmm-align-compiled.cc:127) labels_S06_selected_tokens_123_6831_124_5383
LOG (gmm-align-compiled[5.5.880~1-3e446]:main():gmm-align-compiled.cc:127) labels_S06_selected_tokens_124_5383_125_5944
LOG (gmm-align-compiled[5.5.880~1-3e446]:main():gmm-align-compiled.cc:127) labels_S06_selected_tokens_125_5944_126_3627
LOG (gmm-align-compiled[5.5.880~1-3e446]:main():gmm-align-compiled.cc:127) labels_S06_selected_tokens_126_3627_127_3488
LOG (gmm-align-compiled[5.5.880~1-3e446]:main():gmm-align-compiled.cc:127) labels_S06_selected_tokens_127_3488_128_2629
LOG (gmm-align-compiled[5.5.880~1-3e446]:main():gmm-align-compiled.cc:127) labels_S06_selected_tokens_128_2629_129_2955
LOG (gmm-align-compiled[5.5.880~1-3e446]:main():gmm-align-compiled.cc:127) labels_S06_selected_tokens_129_2955_130_2657596371882
LOG (gmm-align-compiled[5.5.880~1-3e446]:main():gmm-align-compiled.cc:127) labels_S06_selected_tokens_12_5225_13_6685
LOG (gmm-align-compiled[5.5.880~1-3e446]:main():gmm-align-compiled.cc:127) labels_S06_selected_tokens_13_6685_14_6402
LOG (gmm-align-compiled[5.5.880~1-3e446]:main():gmm-align-compiled.cc:127) labels_S06_selected_tokens_14_6402_15_7458
LOG (gmm-align-compiled[5.5.880~1-3e446]:main():gmm-align-compiled.cc:127) labels_S06_selected_tokens_15_7458_17_0458
LOG (gmm-align-compiled[5.5.880~1-3e446]:main():gmm-align-compiled.cc:127) labels_S06_selected_tokens_17_0458_18_3261
LOG (gmm-align-compiled[5.5.880~1-3e446]:main():gmm-align-compiled.cc:127) labels_S06_selected_tokens_18_3261_19_2787
LOG (gmm-align-compiled[5.5.880~1-3e446]:main():gmm-align-compiled.cc:127) labels_S06_selected_tokens_19_2787_20_1838
LOG (gmm-align-compiled[5.5.880~1-3e446]:main():gmm-align-compiled.cc:127) labels_S06_selected_tokens_1_1651_2_0132
LOG (gmm-align-compiled[5.5.880~1-3e446]:main():gmm-align-compiled.cc:127) labels_S06_selected_tokens_20_1838_21_1071
LOG (gmm-align-compiled[5.5.880~1-3e446]:main():gmm-align-compiled.cc:127) labels_S06_selected_tokens_21_1071_22_0008
LOG (gmm-align-compiled[5.5.880~1-3e446]:main():gmm-align-compiled.cc:127) labels_S06_selected_tokens_22_0008_22_8191
LOG (gmm-align-compiled[5.5.880~1-3e446]:main():gmm-align-compiled.cc:127) labels_S06_selected_tokens_22_8191_23_6738
LOG (gmm-align-compiled[5.5.880~1-3e446]:main():gmm-align-compiled.cc:127) labels_S06_selected_tokens_23_6738_24_5374
LOG (gmm-align-compiled[5.5.880~1-3e446]:main():gmm-align-compiled.cc:127) labels_S06_selected_tokens_24_5374_25_4012
LOG (gmm-align-compiled[5.5.880~1-3e446]:main():gmm-align-compiled.cc:127) labels_S06_selected_tokens_25_4012_26_1555
LOG (gmm-align-compiled[5.5.880~1-3e446]:main():gmm-align-compiled.cc:127) labels_S06_selected_tokens_26_1555_26_8599
LOG (gmm-align-compiled[5.5.880~1-3e446]:main():gmm-align-compiled.cc:127) labels_S06_selected_tokens_26_8599_27_7054
LOG (gmm-align-compiled[5.5.880~1-3e446]:main():gmm-align-compiled.cc:127) labels_S06_selected_tokens_27_7054_28_4667
LOG (gmm-align-compiled[5.5.880~1-3e446]:main():gmm-align-compiled.cc:127) labels_S06_selected_tokens_28_4667_29_3092
LOG (gmm-align-compiled[5.5.880~1-3e446]:main():gmm-align-compiled.cc:127) labels_S06_selected_tokens_29_3092_30_0114
LOG (gmm-align-compiled[5.5.880~1-3e446]:main():gmm-align-compiled.cc:127) labels_S06_selected_tokens_2_0132_2_8371
LOG (gmm-align-compiled[5.5.880~1-3e446]:main():gmm-align-compiled.cc:127) labels_S06_selected_tokens_2_8371_3_6939
LOG (gmm-align-compiled[5.5.880~1-3e446]:main():gmm-align-compiled.cc:127) labels_S06_selected_tokens_30_0114_31_1352
LOG (gmm-align-compiled[5.5.880~1-3e446]:main():gmm-align-compiled.cc:127) labels_S06_selected_tokens_31_1352_32_3023
LOG (gmm-align-compiled[5.5.880~1-3e446]:main():gmm-align-compiled.cc:127) labels_S06_selected_tokens_32_3023_33_246
LOG (gmm-align-compiled[5.5.880~1-3e446]:main():gmm-align-compiled.cc:127) labels_S06_selected_tokens_33_246_34_0771
LOG (gmm-align-compiled[5.5.880~1-3e446]:main():gmm-align-compiled.cc:127) labels_S06_selected_tokens_34_0771_35_0298
LOG (gmm-align-compiled[5.5.880~1-3e446]:main():gmm-align-compiled.cc:127) labels_S06_selected_tokens_35_0298_35_8794
LOG (gmm-align-compiled[5.5.880~1-3e446]:main():gmm-align-compiled.cc:127) labels_S06_selected_tokens_35_8794_36_8053
LOG (gmm-align-compiled[5.5.880~1-3e446]:main():gmm-align-compiled.cc:127) labels_S06_selected_tokens_36_8053_37_6228
LOG (gmm-align-compiled[5.5.880~1-3e446]:main():gmm-align-compiled.cc:127) labels_S06_selected_tokens_37_6228_38_3426
LOG (gmm-align-compiled[5.5.880~1-3e446]:main():gmm-align-compiled.cc:127) labels_S06_selected_tokens_38_3426_38_9668
LOG (gmm-align-compiled[5.5.880~1-3e446]:main():gmm-align-compiled.cc:127) labels_S06_selected_tokens_38_9668_39_6908
LOG (gmm-align-compiled[5.5.880~1-3e446]:main():gmm-align-compiled.cc:127) labels_S06_selected_tokens_39_6908_40_4007
LOG (gmm-align-compiled[5.5.880~1-3e446]:main():gmm-align-compiled.cc:127) labels_S06_selected_tokens_3_6939_4_4866
LOG (gmm-align-compiled[5.5.880~1-3e446]:main():gmm-align-compiled.cc:127) labels_S06_selected_tokens_40_4007_41_3028
LOG (gmm-align-compiled[5.5.880~1-3e446]:main():gmm-align-compiled.cc:127) labels_S06_selected_tokens_41_3028_42_183
LOG (gmm-align-compiled[5.5.880~1-3e446]:main():gmm-align-compiled.cc:127) labels_S06_selected_tokens_42_183_43_0621
LOG (gmm-align-compiled[5.5.880~1-3e446]:main():gmm-align-compiled.cc:127) labels_S06_selected_tokens_43_0621_43_8152
LOG (gmm-align-compiled[5.5.880~1-3e446]:main():gmm-align-compiled.cc:127) labels_S06_selected_tokens_43_8152_44_6757
LOG (gmm-align-compiled[5.5.880~1-3e446]:main():gmm-align-compiled.cc:127) labels_S06_selected_tokens_44_6757_45_5345
LOG (gmm-align-compiled[5.5.880~1-3e446]:main():gmm-align-compiled.cc:127) labels_S06_selected_tokens_45_5345_46_3078
LOG (gmm-align-compiled[5.5.880~1-3e446]:main():gmm-align-compiled.cc:127) labels_S06_selected_tokens_46_3078_47_0813
LOG (gmm-align-compiled[5.5.880~1-3e446]:main():gmm-align-compiled.cc:127) labels_S06_selected_tokens_47_0813_47_7681
LOG (gmm-align-compiled[5.5.880~1-3e446]:main():gmm-align-compiled.cc:127) labels_S06_selected_tokens_47_7681_48_3366
LOG (gmm-align-compiled[5.5.880~1-3e446]:main():gmm-align-compiled.cc:127) labels_S06_selected_tokens_48_3366_49_1408
LOG (gmm-align-compiled[5.5.880~1-3e446]:main():gmm-align-compiled.cc:127) labels_S06_selected_tokens_49_1408_49_8071
LOG (gmm-align-compiled[5.5.880~1-3e446]:main():gmm-align-compiled.cc:127) labels_S06_selected_tokens_49_8071_50_444
LOG (gmm-align-compiled[5.5.880~1-3e446]:main():gmm-align-compiled.cc:127) labels_S06_selected_tokens_4_4866_5_1504
LOG (gmm-align-compiled[5.5.880~1-3e446]:main():gmm-align-compiled.cc:127) labels_S06_selected_tokens_50_444_51_1644
LOG (gmm-align-compiled[5.5.880~1-3e446]:main():gmm-align-compiled.cc:127) labels_S06_selected_tokens_51_1644_51_854
LOG (gmm-align-compiled[5.5.880~1-3e446]:main():gmm-align-compiled.cc:127) labels_S06_selected_tokens_51_854_52_6378
LOG (gmm-align-compiled[5.5.880~1-3e446]:main():gmm-align-compiled.cc:127) labels_S06_selected_tokens_52_6378_53_261
LOG (gmm-align-compiled[5.5.880~1-3e446]:main():gmm-align-compiled.cc:127) labels_S06_selected_tokens_53_261_53_8939
LOG (gmm-align-compiled[5.5.880~1-3e446]:main():gmm-align-compiled.cc:127) labels_S06_selected_tokens_53_8939_54_6619
LOG (gmm-align-compiled[5.5.880~1-3e446]:main():gmm-align-compiled.cc:127) labels_S06_selected_tokens_54_6619_55_4721
LOG (gmm-align-compiled[5.5.880~1-3e446]:main():gmm-align-compiled.cc:127) labels_S06_selected_tokens_55_4721_56_2873
LOG (gmm-align-compiled[5.5.880~1-3e446]:main():gmm-align-compiled.cc:127) labels_S06_selected_tokens_56_2873_57_1304
LOG (gmm-align-compiled[5.5.880~1-3e446]:main():gmm-align-compiled.cc:127) labels_S06_selected_tokens_57_1304_57_9204
LOG (gmm-align-compiled[5.5.880~1-3e446]:main():gmm-align-compiled.cc:127) labels_S06_selected_tokens_57_9204_58_722
LOG (gmm-align-compiled[5.5.880~1-3e446]:main():gmm-align-compiled.cc:127) labels_S06_selected_tokens_58_722_59_4995
LOG (gmm-align-compiled[5.5.880~1-3e446]:main():gmm-align-compiled.cc:127) labels_S06_selected_tokens_59_4995_60_1997
LOG (gmm-align-compiled[5.5.880~1-3e446]:main():gmm-align-compiled.cc:127) labels_S06_selected_tokens_5_1504_5_7752
LOG (gmm-align-compiled[5.5.880~1-3e446]:main():gmm-align-compiled.cc:127) labels_S06_selected_tokens_5_7752_6_7971
LOG (gmm-align-compiled[5.5.880~1-3e446]:main():gmm-align-compiled.cc:127) labels_S06_selected_tokens_60_1997_60_9275
LOG (gmm-align-compiled[5.5.880~1-3e446]:main():gmm-align-compiled.cc:127) labels_S06_selected_tokens_60_9275_61_6636
LOG (gmm-align-compiled[5.5.880~1-3e446]:main():gmm-align-compiled.cc:127) labels_S06_selected_tokens_61_6636_62_3749
LOG (gmm-align-compiled[5.5.880~1-3e446]:main():gmm-align-compiled.cc:127) labels_S06_selected_tokens_62_3749_63_0874
LOG (gmm-align-compiled[5.5.880~1-3e446]:main():gmm-align-compiled.cc:127) labels_S06_selected_tokens_63_0874_64_1252
LOG (gmm-align-compiled[5.5.880~1-3e446]:main():gmm-align-compiled.cc:127) labels_S06_selected_tokens_64_1252_64_9678
LOG (gmm-align-compiled[5.5.880~1-3e446]:main():gmm-align-compiled.cc:127) labels_S06_selected_tokens_64_9678_65_7048
LOG (gmm-align-compiled[5.5.880~1-3e446]:main():gmm-align-compiled.cc:127) labels_S06_selected_tokens_65_7048_66_3927
LOG (gmm-align-compiled[5.5.880~1-3e446]:main():gmm-align-compiled.cc:127) labels_S06_selected_tokens_66_3927_67_1057
LOG (gmm-align-compiled[5.5.880~1-3e446]:main():gmm-align-compiled.cc:127) labels_S06_selected_tokens_67_1057_67_9313
LOG (gmm-align-compiled[5.5.880~1-3e446]:main():gmm-align-compiled.cc:127) labels_S06_selected_tokens_67_9313_68_6594
LOG (gmm-align-compiled[5.5.880~1-3e446]:main():gmm-align-compiled.cc:127) labels_S06_selected_tokens_68_6594_69_3465
LOG (gmm-align-compiled[5.5.880~1-3e446]:main():gmm-align-compiled.cc:127) labels_S06_selected_tokens_69_3465_70_2514
LOG (gmm-align-compiled[5.5.880~1-3e446]:main():gmm-align-compiled.cc:127) labels_S06_selected_tokens_6_7971_7_9434
LOG (gmm-align-compiled[5.5.880~1-3e446]:main():gmm-align-compiled.cc:127) labels_S06_selected_tokens_70_2514_71_1036
LOG (gmm-align-compiled[5.5.880~1-3e446]:main():gmm-align-compiled.cc:127) labels_S06_selected_tokens_71_1036_71_9383
LOG (gmm-align-compiled[5.5.880~1-3e446]:main():gmm-align-compiled.cc:127) labels_S06_selected_tokens_71_9383_72_7696
LOG (gmm-align-compiled[5.5.880~1-3e446]:main():gmm-align-compiled.cc:127) labels_S06_selected_tokens_72_7696_73_5848
LOG (gmm-align-compiled[5.5.880~1-3e446]:main():gmm-align-compiled.cc:127) labels_S06_selected_tokens_73_5848_74_5158
LOG (apply-cmvn[5.5.880~1-3e446]:main():apply-cmvn.cc:162) Applied cepstral mean normalization to 154 utterances, errors on 0
LOG (gmm-align-compiled[5.5.880~1-3e446]:main():gmm-align-compiled.cc:127) labels_S06_selected_tokens_74_5158_75_6754
LOG (gmm-align-compiled[5.5.880~1-3e446]:main():gmm-align-compiled.cc:127) labels_S06_selected_tokens_75_6754_76_8613
LOG (gmm-align-compiled[5.5.880~1-3e446]:main():gmm-align-compiled.cc:127) labels_S06_selected_tokens_76_8613_77_8842
LOG (gmm-align-compiled[5.5.880~1-3e446]:main():gmm-align-compiled.cc:127) labels_S06_selected_tokens_77_8842_78_8771
LOG (gmm-align-compiled[5.5.880~1-3e446]:main():gmm-align-compiled.cc:127) labels_S06_selected_tokens_78_8771_79_8899
LOG (gmm-align-compiled[5.5.880~1-3e446]:main():gmm-align-compiled.cc:127) labels_S06_selected_tokens_79_8899_80_8269
LOG (gmm-align-compiled[5.5.880~1-3e446]:main():gmm-align-compiled.cc:127) labels_S06_selected_tokens_7_9434_8_9084
LOG (gmm-align-compiled[5.5.880~1-3e446]:main():gmm-align-compiled.cc:127) labels_S06_selected_tokens_80_8269_81_7766
LOG (gmm-align-compiled[5.5.880~1-3e446]:main():gmm-align-compiled.cc:127) labels_S06_selected_tokens_81_7766_82_959
LOG (gmm-align-compiled[5.5.880~1-3e446]:main():gmm-align-compiled.cc:127) labels_S06_selected_tokens_82_959_83_7286
LOG (gmm-align-compiled[5.5.880~1-3e446]:main():gmm-align-compiled.cc:127) labels_S06_selected_tokens_83_7286_84_5892
LOG (gmm-align-compiled[5.5.880~1-3e446]:main():gmm-align-compiled.cc:127) labels_S06_selected_tokens_84_5892_85_3662
LOG (gmm-align-compiled[5.5.880~1-3e446]:main():gmm-align-compiled.cc:127) labels_S06_selected_tokens_85_3662_86_1258
LOG (gmm-align-compiled[5.5.880~1-3e446]:main():gmm-align-compiled.cc:127) labels_S06_selected_tokens_86_1258_86_8216
LOG (gmm-align-compiled[5.5.880~1-3e446]:main():gmm-align-compiled.cc:127) labels_S06_selected_tokens_86_8216_87_5152
LOG (gmm-align-compiled[5.5.880~1-3e446]:main():gmm-align-compiled.cc:127) labels_S06_selected_tokens_87_5152_88_3993
LOG (gmm-align-compiled[5.5.880~1-3e446]:main():gmm-align-compiled.cc:127) labels_S06_selected_tokens_88_3993_89_2616
LOG (gmm-align-compiled[5.5.880~1-3e446]:main():gmm-align-compiled.cc:127) labels_S06_selected_tokens_89_2616_90_1901
LOG (gmm-align-compiled[5.5.880~1-3e446]:main():gmm-align-compiled.cc:127) labels_S06_selected_tokens_8_9084_9_7815
LOG (gmm-align-compiled[5.5.880~1-3e446]:main():gmm-align-compiled.cc:127) labels_S06_selected_tokens_90_1901_91_1016
LOG (gmm-align-compiled[5.5.880~1-3e446]:main():gmm-align-compiled.cc:127) labels_S06_selected_tokens_91_1016_91_9022
LOG (gmm-align-compiled[5.5.880~1-3e446]:main():gmm-align-compiled.cc:127) labels_S06_selected_tokens_91_9022_92_6948
LOG (gmm-align-compiled[5.5.880~1-3e446]:main():gmm-align-compiled.cc:127) labels_S06_selected_tokens_92_6948_93_4541
LOG (gmm-align-compiled[5.5.880~1-3e446]:main():gmm-align-compiled.cc:127) labels_S06_selected_tokens_93_4541_94_2061
LOG (gmm-align-compiled[5.5.880~1-3e446]:main():gmm-align-compiled.cc:127) labels_S06_selected_tokens_94_2061_95_0612
LOG (gmm-align-compiled[5.5.880~1-3e446]:main():gmm-align-compiled.cc:127) labels_S06_selected_tokens_95_0612_96_0565
LOG (transform-feats[5.5.880~1-3e446]:main():transform-feats.cc:158) Overall average logdet is 6.19682 over 12715 frames.
LOG (transform-feats[5.5.880~1-3e446]:main():transform-feats.cc:161) Applied transform to 154 utterances; 0 had errors.
LOG (gmm-align-compiled[5.5.880~1-3e446]:main():gmm-align-compiled.cc:127) labels_S06_selected_tokens_96_0565_96_8096
LOG (gmm-align-compiled[5.5.880~1-3e446]:main():gmm-align-compiled.cc:127) labels_S06_selected_tokens_96_8096_97_5459
LOG (gmm-align-compiled[5.5.880~1-3e446]:main():gmm-align-compiled.cc:127) labels_S06_selected_tokens_97_5459_98_3362
LOG (gmm-align-compiled[5.5.880~1-3e446]:main():gmm-align-compiled.cc:127) labels_S06_selected_tokens_98_3362_99_2365
LOG (gmm-align-compiled[5.5.880~1-3e446]:main():gmm-align-compiled.cc:127) labels_S06_selected_tokens_99_2365_100_0742
LOG (gmm-align-compiled[5.5.880~1-3e446]:main():gmm-align-compiled.cc:127) labels_S06_selected_tokens_9_7815_10_5893
LOG (gmm-align-compiled[5.5.880~1-3e446]:main():gmm-align-compiled.cc:135) Overall log-likelihood per frame is -98.2462 over 12715 frames.
LOG (gmm-align-compiled[5.5.880~1-3e446]:main():gmm-align-compiled.cc:137) Retried 0 out of 154 utterances.
LOG (gmm-align-compiled[5.5.880~1-3e446]:main():gmm-align-compiled.cc:139) Done 154, errors on 0
